# Logfile created on 2022-12-08 00:02:23 +0000 by logger.rb/v1.4.2
{"severity":"DEBUG","time":"2022-12-08T00:02:23.055Z","correlation_id":null,"message":"ActiveRecord connection established"}
{"severity":"INFO","time":"2022-12-08T00:02:24.321Z","correlation_id":null,"message":"Syncing dynamic postgres partitions"}
{"severity":"DEBUG","time":"2022-12-08T00:02:24.327Z","correlation_id":null,"message":"Switched database connection","connection_name":"main"}
{"severity":"ERROR","time":"2022-12-08T00:02:24.443Z","correlation_id":null,"message":"Failed to create / detach partition(s)","table_name":"audit_events","exception_class":{},"exception_message":"PG::UndefinedTable: ERROR:  relation \"postgres_partitioned_tables\" does not exist\nLINE 1: ...ain*/ SELECT \"postgres_partitioned_tables\".* FROM \"postgres_...\n                                                             ^\n","connection_name":"main"}
{"severity":"DEBUG","time":"2022-12-08T00:02:24.448Z","correlation_id":null,"message":"Switched database connection","connection_name":"main"}
{"severity":"ERROR","time":"2022-12-08T00:02:24.454Z","correlation_id":null,"message":"Failed to create / detach partition(s)","table_name":"web_hook_logs","exception_class":{},"exception_message":"PG::UndefinedTable: ERROR:  relation \"postgres_partitioned_tables\" does not exist\nLINE 1: ...ain*/ SELECT \"postgres_partitioned_tables\".* FROM \"postgres_...\n                                                             ^\n","connection_name":"main"}
{"severity":"DEBUG","time":"2022-12-08T00:02:24.460Z","correlation_id":null,"message":"Switched database connection","connection_name":"main"}
{"severity":"ERROR","time":"2022-12-08T00:02:24.466Z","correlation_id":null,"message":"Failed to create / detach partition(s)","table_name":"loose_foreign_keys_deleted_records","exception_class":{},"exception_message":"PG::UndefinedTable: ERROR:  relation \"postgres_partitioned_tables\" does not exist\nLINE 1: ...ain*/ SELECT \"postgres_partitioned_tables\".* FROM \"postgres_...\n                                                             ^\n","connection_name":"main"}
{"severity":"DEBUG","time":"2022-12-08T00:02:24.471Z","correlation_id":null,"message":"Switched database connection","connection_name":"main"}
{"severity":"ERROR","time":"2022-12-08T00:02:24.478Z","correlation_id":null,"message":"Failed to create / detach partition(s)","table_name":"batched_background_migration_job_transition_logs","exception_class":{},"exception_message":"PG::UndefinedTable: ERROR:  relation \"postgres_partitioned_tables\" does not exist\nLINE 1: ...ain*/ SELECT \"postgres_partitioned_tables\".* FROM \"postgres_...\n                                                             ^\n","connection_name":"main"}
{"severity":"DEBUG","time":"2022-12-08T00:02:24.483Z","correlation_id":null,"message":"Switched database connection","connection_name":"main"}
{"severity":"ERROR","time":"2022-12-08T00:02:24.489Z","correlation_id":null,"message":"Failed to create / detach partition(s)","table_name":"incident_management_pending_alert_escalations","exception_class":{},"exception_message":"PG::UndefinedTable: ERROR:  relation \"postgres_partitioned_tables\" does not exist\nLINE 1: ...ain*/ SELECT \"postgres_partitioned_tables\".* FROM \"postgres_...\n                                                             ^\n","connection_name":"main"}
{"severity":"DEBUG","time":"2022-12-08T00:02:24.491Z","correlation_id":null,"message":"Switched database connection","connection_name":"main"}
{"severity":"ERROR","time":"2022-12-08T00:02:24.498Z","correlation_id":null,"message":"Failed to create / detach partition(s)","table_name":"incident_management_pending_issue_escalations","exception_class":{},"exception_message":"PG::UndefinedTable: ERROR:  relation \"postgres_partitioned_tables\" does not exist\nLINE 1: ...ain*/ SELECT \"postgres_partitioned_tables\".* FROM \"postgres_...\n                                                             ^\n","connection_name":"main"}
{"severity":"DEBUG","time":"2022-12-08T00:02:24.503Z","correlation_id":null,"message":"Switched database connection","connection_name":"main"}
{"severity":"ERROR","time":"2022-12-08T00:02:24.508Z","correlation_id":null,"message":"Failed to create / detach partition(s)","table_name":"verification_codes","exception_class":{},"exception_message":"PG::UndefinedTable: ERROR:  relation \"postgres_partitioned_tables\" does not exist\nLINE 1: ...ain*/ SELECT \"postgres_partitioned_tables\".* FROM \"postgres_...\n                                                             ^\n","connection_name":"main"}
{"severity":"DEBUG","time":"2022-12-08T00:02:24.512Z","correlation_id":null,"message":"Switched database connection","connection_name":"main"}
{"severity":"DEBUG","time":"2022-12-08T00:02:24.516Z","correlation_id":null,"message":"Switched database connection","connection_name":"main"}
{"severity":"DEBUG","time":"2022-12-08T00:02:24.519Z","correlation_id":null,"message":"Switched database connection","connection_name":"main"}
{"severity":"DEBUG","time":"2022-12-08T00:02:24.522Z","correlation_id":null,"message":"Switched database connection","connection_name":"main"}
{"severity":"DEBUG","time":"2022-12-08T00:02:24.526Z","correlation_id":null,"message":"Switched database connection","connection_name":"main"}
{"severity":"INFO","time":"2022-12-08T00:02:24.529Z","correlation_id":null,"message":"Finished sync of dynamic postgres partitions"}
{"severity":"INFO","time":"2022-12-08T00:05:25.171Z","correlation_id":null,"message":"Syncing dynamic postgres partitions"}
{"severity":"DEBUG","time":"2022-12-08T00:05:25.177Z","correlation_id":null,"message":"Switched database connection","connection_name":"main"}
{"severity":"INFO","time":"2022-12-08T00:05:25.528Z","correlation_id":null,"message":"Checking state of dynamic postgres partitions","table_name":"audit_events","connection_name":"main"}
{"severity":"INFO","time":"2022-12-08T00:05:25.841Z","correlation_id":null,"method":"with_lock_retries","class":"Gitlab::Database::Partitioning::PartitionManager","message":"Lock timeout is set","current_iteration":1,"lock_timeout_in_ms":100}
{"severity":"INFO","time":"2022-12-08T00:05:26.407Z","correlation_id":null,"message":"Created partition","partition_name":"audit_events_000000","table_name":"audit_events"}
{"severity":"INFO","time":"2022-12-08T00:05:26.576Z","correlation_id":null,"message":"Created partition","partition_name":"audit_events_202212","table_name":"audit_events"}
{"severity":"INFO","time":"2022-12-08T00:05:26.731Z","correlation_id":null,"message":"Created partition","partition_name":"audit_events_202301","table_name":"audit_events"}
{"severity":"INFO","time":"2022-12-08T00:05:26.871Z","correlation_id":null,"message":"Created partition","partition_name":"audit_events_202302","table_name":"audit_events"}
{"severity":"INFO","time":"2022-12-08T00:05:27.015Z","correlation_id":null,"message":"Created partition","partition_name":"audit_events_202303","table_name":"audit_events"}
{"severity":"INFO","time":"2022-12-08T00:05:27.171Z","correlation_id":null,"message":"Created partition","partition_name":"audit_events_202304","table_name":"audit_events"}
{"severity":"INFO","time":"2022-12-08T00:05:27.302Z","correlation_id":null,"message":"Created partition","partition_name":"audit_events_202305","table_name":"audit_events"}
{"severity":"INFO","time":"2022-12-08T00:05:27.413Z","correlation_id":null,"message":"Created partition","partition_name":"audit_events_202306","table_name":"audit_events"}
{"severity":"INFO","time":"2022-12-08T00:05:27.418Z","correlation_id":null,"method":"with_lock_retries","class":"Gitlab::Database::Partitioning::PartitionManager","message":"Migration finished","current_iteration":1,"lock_timeout_in_ms":100}
{"severity":"DEBUG","time":"2022-12-08T00:05:27.636Z","correlation_id":null,"message":"Switched database connection","connection_name":"main"}
{"severity":"INFO","time":"2022-12-08T00:05:27.682Z","correlation_id":null,"message":"Checking state of dynamic postgres partitions","table_name":"web_hook_logs","connection_name":"main"}
{"severity":"INFO","time":"2022-12-08T00:05:27.886Z","correlation_id":null,"method":"with_lock_retries","class":"Gitlab::Database::Partitioning::PartitionManager","message":"Lock timeout is set","current_iteration":1,"lock_timeout_in_ms":100}
{"severity":"INFO","time":"2022-12-08T00:05:28.110Z","correlation_id":null,"message":"Created partition","partition_name":"web_hook_logs_202209","table_name":"web_hook_logs"}
{"severity":"INFO","time":"2022-12-08T00:05:28.926Z","correlation_id":null,"message":"Created partition","partition_name":"web_hook_logs_202210","table_name":"web_hook_logs"}
{"severity":"INFO","time":"2022-12-08T00:05:29.163Z","correlation_id":null,"message":"Created partition","partition_name":"web_hook_logs_202211","table_name":"web_hook_logs"}
{"severity":"INFO","time":"2022-12-08T00:05:29.341Z","correlation_id":null,"message":"Created partition","partition_name":"web_hook_logs_202212","table_name":"web_hook_logs"}
{"severity":"INFO","time":"2022-12-08T00:05:29.514Z","correlation_id":null,"message":"Created partition","partition_name":"web_hook_logs_202301","table_name":"web_hook_logs"}
{"severity":"INFO","time":"2022-12-08T00:05:29.656Z","correlation_id":null,"message":"Created partition","partition_name":"web_hook_logs_202302","table_name":"web_hook_logs"}
{"severity":"INFO","time":"2022-12-08T00:05:29.820Z","correlation_id":null,"message":"Created partition","partition_name":"web_hook_logs_202303","table_name":"web_hook_logs"}
{"severity":"INFO","time":"2022-12-08T00:05:29.943Z","correlation_id":null,"message":"Created partition","partition_name":"web_hook_logs_202304","table_name":"web_hook_logs"}
{"severity":"INFO","time":"2022-12-08T00:05:30.086Z","correlation_id":null,"message":"Created partition","partition_name":"web_hook_logs_202305","table_name":"web_hook_logs"}
{"severity":"INFO","time":"2022-12-08T00:05:30.217Z","correlation_id":null,"message":"Created partition","partition_name":"web_hook_logs_202306","table_name":"web_hook_logs"}
{"severity":"INFO","time":"2022-12-08T00:05:30.224Z","correlation_id":null,"method":"with_lock_retries","class":"Gitlab::Database::Partitioning::PartitionManager","message":"Migration finished","current_iteration":1,"lock_timeout_in_ms":100}
{"severity":"DEBUG","time":"2022-12-08T00:05:30.561Z","correlation_id":null,"message":"Switched database connection","connection_name":"main"}
{"severity":"INFO","time":"2022-12-08T00:05:30.641Z","correlation_id":null,"message":"Checking state of dynamic postgres partitions","table_name":"loose_foreign_keys_deleted_records","connection_name":"main"}
{"severity":"INFO","time":"2022-12-08T00:05:31.227Z","correlation_id":null,"method":"with_lock_retries","class":"Gitlab::Database::Partitioning::PartitionManager","message":"Lock timeout is set","current_iteration":1,"lock_timeout_in_ms":100}
{"severity":"INFO","time":"2022-12-08T00:05:31.509Z","correlation_id":null,"message":"Created partition","partition_name":"loose_foreign_keys_deleted_records_1","table_name":"loose_foreign_keys_deleted_records"}
{"severity":"INFO","time":"2022-12-08T00:05:31.742Z","correlation_id":null,"method":"with_lock_retries","class":"Gitlab::Database::Partitioning::PartitionManager","message":"Migration finished","current_iteration":1,"lock_timeout_in_ms":100}
{"severity":"DEBUG","time":"2022-12-08T00:05:31.791Z","correlation_id":null,"message":"Switched database connection","connection_name":"main"}
{"severity":"INFO","time":"2022-12-08T00:05:31.840Z","correlation_id":null,"message":"Checking state of dynamic postgres partitions","table_name":"batched_background_migration_job_transition_logs","connection_name":"main"}
{"severity":"INFO","time":"2022-12-08T00:05:32.019Z","correlation_id":null,"method":"with_lock_retries","class":"Gitlab::Database::Partitioning::PartitionManager","message":"Lock timeout is set","current_iteration":1,"lock_timeout_in_ms":100}
{"severity":"INFO","time":"2022-12-08T00:05:32.445Z","correlation_id":null,"message":"Created partition","partition_name":"batched_background_migration_job_transition_logs_202206","table_name":"batched_background_migration_job_transition_logs"}
{"severity":"INFO","time":"2022-12-08T00:05:32.641Z","correlation_id":null,"message":"Created partition","partition_name":"batched_background_migration_job_transition_logs_202207","table_name":"batched_background_migration_job_transition_logs"}
{"severity":"INFO","time":"2022-12-08T00:05:32.948Z","correlation_id":null,"message":"Created partition","partition_name":"batched_background_migration_job_transition_logs_202208","table_name":"batched_background_migration_job_transition_logs"}
{"severity":"INFO","time":"2022-12-08T00:05:33.137Z","correlation_id":null,"message":"Created partition","partition_name":"batched_background_migration_job_transition_logs_202209","table_name":"batched_background_migration_job_transition_logs"}
{"severity":"INFO","time":"2022-12-08T00:05:33.387Z","correlation_id":null,"message":"Created partition","partition_name":"batched_background_migration_job_transition_logs_202210","table_name":"batched_background_migration_job_transition_logs"}
{"severity":"INFO","time":"2022-12-08T00:05:33.588Z","correlation_id":null,"message":"Created partition","partition_name":"batched_background_migration_job_transition_logs_202211","table_name":"batched_background_migration_job_transition_logs"}
{"severity":"INFO","time":"2022-12-08T00:05:33.865Z","correlation_id":null,"message":"Created partition","partition_name":"batched_background_migration_job_transition_logs_202212","table_name":"batched_background_migration_job_transition_logs"}
{"severity":"INFO","time":"2022-12-08T00:05:34.044Z","correlation_id":null,"message":"Created partition","partition_name":"batched_background_migration_job_transition_logs_202301","table_name":"batched_background_migration_job_transition_logs"}
{"severity":"INFO","time":"2022-12-08T00:05:34.190Z","correlation_id":null,"message":"Created partition","partition_name":"batched_background_migration_job_transition_logs_202302","table_name":"batched_background_migration_job_transition_logs"}
{"severity":"INFO","time":"2022-12-08T00:05:34.362Z","correlation_id":null,"message":"Created partition","partition_name":"batched_background_migration_job_transition_logs_202303","table_name":"batched_background_migration_job_transition_logs"}
{"severity":"INFO","time":"2022-12-08T00:05:34.529Z","correlation_id":null,"message":"Created partition","partition_name":"batched_background_migration_job_transition_logs_202304","table_name":"batched_background_migration_job_transition_logs"}
{"severity":"INFO","time":"2022-12-08T00:05:34.736Z","correlation_id":null,"message":"Created partition","partition_name":"batched_background_migration_job_transition_logs_202305","table_name":"batched_background_migration_job_transition_logs"}
{"severity":"INFO","time":"2022-12-08T00:05:34.867Z","correlation_id":null,"message":"Created partition","partition_name":"batched_background_migration_job_transition_logs_202306","table_name":"batched_background_migration_job_transition_logs"}
{"severity":"INFO","time":"2022-12-08T00:05:34.874Z","correlation_id":null,"method":"with_lock_retries","class":"Gitlab::Database::Partitioning::PartitionManager","message":"Migration finished","current_iteration":1,"lock_timeout_in_ms":100}
{"severity":"DEBUG","time":"2022-12-08T00:05:35.397Z","correlation_id":null,"message":"Switched database connection","connection_name":"main"}
{"severity":"INFO","time":"2022-12-08T00:05:35.525Z","correlation_id":null,"message":"Checking state of dynamic postgres partitions","table_name":"incident_management_pending_alert_escalations","connection_name":"main"}
{"severity":"INFO","time":"2022-12-08T00:05:35.848Z","correlation_id":null,"method":"with_lock_retries","class":"Gitlab::Database::Partitioning::PartitionManager","message":"Lock timeout is set","current_iteration":1,"lock_timeout_in_ms":100}
{"severity":"INFO","time":"2022-12-08T00:05:36.251Z","correlation_id":null,"message":"Created partition","partition_name":"incident_management_pending_alert_escalations_000000","table_name":"incident_management_pending_alert_escalations"}
{"severity":"INFO","time":"2022-12-08T00:05:36.513Z","correlation_id":null,"message":"Created partition","partition_name":"incident_management_pending_alert_escalations_202212","table_name":"incident_management_pending_alert_escalations"}
{"severity":"INFO","time":"2022-12-08T00:05:36.682Z","correlation_id":null,"message":"Created partition","partition_name":"incident_management_pending_alert_escalations_202301","table_name":"incident_management_pending_alert_escalations"}
{"severity":"INFO","time":"2022-12-08T00:05:36.913Z","correlation_id":null,"message":"Created partition","partition_name":"incident_management_pending_alert_escalations_202302","table_name":"incident_management_pending_alert_escalations"}
{"severity":"INFO","time":"2022-12-08T00:05:37.147Z","correlation_id":null,"message":"Created partition","partition_name":"incident_management_pending_alert_escalations_202303","table_name":"incident_management_pending_alert_escalations"}
{"severity":"INFO","time":"2022-12-08T00:05:37.390Z","correlation_id":null,"message":"Created partition","partition_name":"incident_management_pending_alert_escalations_202304","table_name":"incident_management_pending_alert_escalations"}
{"severity":"INFO","time":"2022-12-08T00:05:37.585Z","correlation_id":null,"message":"Created partition","partition_name":"incident_management_pending_alert_escalations_202305","table_name":"incident_management_pending_alert_escalations"}
{"severity":"INFO","time":"2022-12-08T00:05:37.769Z","correlation_id":null,"message":"Created partition","partition_name":"incident_management_pending_alert_escalations_202306","table_name":"incident_management_pending_alert_escalations"}
{"severity":"INFO","time":"2022-12-08T00:05:37.781Z","correlation_id":null,"method":"with_lock_retries","class":"Gitlab::Database::Partitioning::PartitionManager","message":"Migration finished","current_iteration":1,"lock_timeout_in_ms":100}
{"severity":"DEBUG","time":"2022-12-08T00:05:38.009Z","correlation_id":null,"message":"Switched database connection","connection_name":"main"}
{"severity":"INFO","time":"2022-12-08T00:05:38.104Z","correlation_id":null,"message":"Checking state of dynamic postgres partitions","table_name":"incident_management_pending_issue_escalations","connection_name":"main"}
{"severity":"INFO","time":"2022-12-08T00:05:38.416Z","correlation_id":null,"method":"with_lock_retries","class":"Gitlab::Database::Partitioning::PartitionManager","message":"Lock timeout is set","current_iteration":1,"lock_timeout_in_ms":100}
{"severity":"INFO","time":"2022-12-08T00:05:39.159Z","correlation_id":null,"message":"Created partition","partition_name":"incident_management_pending_issue_escalations_000000","table_name":"incident_management_pending_issue_escalations"}
{"severity":"INFO","time":"2022-12-08T00:05:39.650Z","correlation_id":null,"message":"Created partition","partition_name":"incident_management_pending_issue_escalations_202212","table_name":"incident_management_pending_issue_escalations"}
{"severity":"INFO","time":"2022-12-08T00:05:39.835Z","correlation_id":null,"message":"Created partition","partition_name":"incident_management_pending_issue_escalations_202301","table_name":"incident_management_pending_issue_escalations"}
{"severity":"INFO","time":"2022-12-08T00:05:40.112Z","correlation_id":null,"message":"Created partition","partition_name":"incident_management_pending_issue_escalations_202302","table_name":"incident_management_pending_issue_escalations"}
{"severity":"INFO","time":"2022-12-08T00:05:40.280Z","correlation_id":null,"message":"Created partition","partition_name":"incident_management_pending_issue_escalations_202303","table_name":"incident_management_pending_issue_escalations"}
{"severity":"INFO","time":"2022-12-08T00:05:40.486Z","correlation_id":null,"message":"Created partition","partition_name":"incident_management_pending_issue_escalations_202304","table_name":"incident_management_pending_issue_escalations"}
{"severity":"INFO","time":"2022-12-08T00:05:40.665Z","correlation_id":null,"message":"Created partition","partition_name":"incident_management_pending_issue_escalations_202305","table_name":"incident_management_pending_issue_escalations"}
{"severity":"INFO","time":"2022-12-08T00:05:40.848Z","correlation_id":null,"message":"Created partition","partition_name":"incident_management_pending_issue_escalations_202306","table_name":"incident_management_pending_issue_escalations"}
{"severity":"INFO","time":"2022-12-08T00:05:40.854Z","correlation_id":null,"method":"with_lock_retries","class":"Gitlab::Database::Partitioning::PartitionManager","message":"Migration finished","current_iteration":1,"lock_timeout_in_ms":100}
{"severity":"DEBUG","time":"2022-12-08T00:05:41.068Z","correlation_id":null,"message":"Switched database connection","connection_name":"main"}
{"severity":"INFO","time":"2022-12-08T00:05:41.143Z","correlation_id":null,"message":"Checking state of dynamic postgres partitions","table_name":"verification_codes","connection_name":"main"}
{"severity":"INFO","time":"2022-12-08T00:05:41.414Z","correlation_id":null,"method":"with_lock_retries","class":"Gitlab::Database::Partitioning::PartitionManager","message":"Lock timeout is set","current_iteration":1,"lock_timeout_in_ms":100}
{"severity":"INFO","time":"2022-12-08T00:05:41.650Z","correlation_id":null,"message":"Created partition","partition_name":"verification_codes_000000","table_name":"verification_codes"}
{"severity":"INFO","time":"2022-12-08T00:05:41.830Z","correlation_id":null,"message":"Created partition","partition_name":"verification_codes_202212","table_name":"verification_codes"}
{"severity":"INFO","time":"2022-12-08T00:05:41.984Z","correlation_id":null,"message":"Created partition","partition_name":"verification_codes_202301","table_name":"verification_codes"}
{"severity":"INFO","time":"2022-12-08T00:05:42.132Z","correlation_id":null,"message":"Created partition","partition_name":"verification_codes_202302","table_name":"verification_codes"}
{"severity":"INFO","time":"2022-12-08T00:05:42.245Z","correlation_id":null,"message":"Created partition","partition_name":"verification_codes_202303","table_name":"verification_codes"}
{"severity":"INFO","time":"2022-12-08T00:05:42.379Z","correlation_id":null,"message":"Created partition","partition_name":"verification_codes_202304","table_name":"verification_codes"}
{"severity":"INFO","time":"2022-12-08T00:05:42.495Z","correlation_id":null,"message":"Created partition","partition_name":"verification_codes_202305","table_name":"verification_codes"}
{"severity":"INFO","time":"2022-12-08T00:05:42.608Z","correlation_id":null,"message":"Created partition","partition_name":"verification_codes_202306","table_name":"verification_codes"}
{"severity":"INFO","time":"2022-12-08T00:05:42.614Z","correlation_id":null,"method":"with_lock_retries","class":"Gitlab::Database::Partitioning::PartitionManager","message":"Migration finished","current_iteration":1,"lock_timeout_in_ms":100}
{"severity":"DEBUG","time":"2022-12-08T00:05:42.868Z","correlation_id":null,"message":"Switched database connection","connection_name":"main"}
{"severity":"DEBUG","time":"2022-12-08T00:05:42.875Z","correlation_id":null,"message":"Switched database connection","connection_name":"main"}
{"severity":"DEBUG","time":"2022-12-08T00:05:42.881Z","correlation_id":null,"message":"Switched database connection","connection_name":"main"}
{"severity":"DEBUG","time":"2022-12-08T00:05:42.888Z","correlation_id":null,"message":"Switched database connection","connection_name":"main"}
{"severity":"DEBUG","time":"2022-12-08T00:05:42.894Z","correlation_id":null,"message":"Switched database connection","connection_name":"main"}
{"severity":"INFO","time":"2022-12-08T00:05:42.899Z","correlation_id":null,"message":"Finished sync of dynamic postgres partitions"}
{"severity":"INFO","time":"2022-12-08T00:05:49.545Z","correlation_id":null,"message":"User \"Administrator\" (admin@example.com) was created"}
{"severity":"DEBUG","time":"2022-12-08T00:05:50.189Z","correlation_id":null,"message":"Switched database connection","connection_name":"main"}
{"severity":"DEBUG","time":"2022-12-08T00:05:50.289Z","correlation_id":null,"message":"Switched database connection","connection_name":"main"}
{"severity":"DEBUG","time":"2022-12-08T00:05:50.297Z","correlation_id":null,"message":"Switched database connection","connection_name":"main"}
{"severity":"DEBUG","time":"2022-12-08T00:05:50.358Z","correlation_id":null,"message":"Switched database connection","connection_name":"main"}
{"severity":"INFO","time":"2022-12-08T00:05:51.296Z","correlation_id":null,"message":"Group \"GitLab Instance\" was created"}
{"severity":"INFO","time":"2022-12-08T00:05:55.519Z","correlation_id":"4feddfce16b894063c4e3a1f466644b8","message":"Administrator created a new project \"GitLab Instance / Monitoring\""}
{"severity":"ERROR","time":"2022-12-08T00:05:56.489Z","correlation_id":"4feddfce16b894063c4e3a1f466644b8","message":"AuthorizedProjectUpdate::ProjectRecalculateWorker.perform_async cannot be enqueued inside a transaction as this can lead to\nrace conditions when the worker runs before the transaction is committed and\ntries to access a model that has not been saved yet.\n\nUse an `after_commit` hook, or include `AfterCommitQueue` and use a `run_after_commit` block instead.\n"}
{"severity":"ERROR","time":"2022-12-08T00:05:56.556Z","correlation_id":"4feddfce16b894063c4e3a1f466644b8","message":"Projects::PostCreationWorker.perform_async cannot be enqueued inside a transaction as this can lead to\nrace conditions when the worker runs before the transaction is committed and\ntries to access a model that has not been saved yet.\n\nUse an `after_commit` hook, or include `AfterCommitQueue` and use a `run_after_commit` block instead.\n"}
{"severity":"ERROR","time":"2022-12-08T00:05:57.699Z","correlation_id":"4feddfce16b894063c4e3a1f466644b8","message":"Pages::InvalidateDomainCacheWorker.perform_async cannot be enqueued inside a transaction as this can lead to\nrace conditions when the worker runs before the transaction is committed and\ntries to access a model that has not been saved yet.\n\nUse an `after_commit` hook, or include `AfterCommitQueue` and use a `run_after_commit` block instead.\n"}
{"severity":"ERROR","time":"2022-12-08T00:05:58.805Z","correlation_id":null,"message":"Cannot obtain an exclusive lease. There must be another instance already in execution."}
{"severity":"DEBUG","time":"2022-12-08T00:06:52.864Z","correlation_id":null,"message":"ActiveRecord connection established"}
{"severity":"INFO","time":"2022-12-08T00:07:10.501Z","correlation_id":null,"message":"Syncing dynamic postgres partitions"}
{"severity":"DEBUG","time":"2022-12-08T00:07:10.510Z","correlation_id":null,"message":"Switched database connection","connection_name":"main"}
{"severity":"INFO","time":"2022-12-08T00:07:10.777Z","correlation_id":null,"message":"Checking state of dynamic postgres partitions","table_name":"audit_events","connection_name":"main"}
{"severity":"DEBUG","time":"2022-12-08T00:07:10.915Z","correlation_id":null,"message":"Switched database connection","connection_name":"main"}
{"severity":"INFO","time":"2022-12-08T00:07:10.942Z","correlation_id":null,"message":"Checking state of dynamic postgres partitions","table_name":"web_hook_logs","connection_name":"main"}
{"severity":"DEBUG","time":"2022-12-08T00:07:11.028Z","correlation_id":null,"message":"Switched database connection","connection_name":"main"}
{"severity":"INFO","time":"2022-12-08T00:07:11.047Z","correlation_id":null,"message":"Checking state of dynamic postgres partitions","table_name":"loose_foreign_keys_deleted_records","connection_name":"main"}
{"severity":"DEBUG","time":"2022-12-08T00:07:11.306Z","correlation_id":null,"message":"Switched database connection","connection_name":"main"}
{"severity":"INFO","time":"2022-12-08T00:07:11.329Z","correlation_id":null,"message":"Checking state of dynamic postgres partitions","table_name":"batched_background_migration_job_transition_logs","connection_name":"main"}
{"severity":"DEBUG","time":"2022-12-08T00:07:11.449Z","correlation_id":null,"message":"Switched database connection","connection_name":"main"}
{"severity":"INFO","time":"2022-12-08T00:07:11.482Z","correlation_id":null,"message":"Checking state of dynamic postgres partitions","table_name":"incident_management_pending_alert_escalations","connection_name":"main"}
{"severity":"DEBUG","time":"2022-12-08T00:07:11.586Z","correlation_id":null,"message":"Switched database connection","connection_name":"main"}
{"severity":"INFO","time":"2022-12-08T00:07:11.607Z","correlation_id":null,"message":"Checking state of dynamic postgres partitions","table_name":"incident_management_pending_issue_escalations","connection_name":"main"}
{"severity":"DEBUG","time":"2022-12-08T00:07:11.696Z","correlation_id":null,"message":"Switched database connection","connection_name":"main"}
{"severity":"INFO","time":"2022-12-08T00:07:11.765Z","correlation_id":null,"message":"Checking state of dynamic postgres partitions","table_name":"verification_codes","connection_name":"main"}
{"severity":"DEBUG","time":"2022-12-08T00:07:11.861Z","correlation_id":null,"message":"Switched database connection","connection_name":"main"}
{"severity":"DEBUG","time":"2022-12-08T00:07:11.868Z","correlation_id":null,"message":"Switched database connection","connection_name":"main"}
{"severity":"DEBUG","time":"2022-12-08T00:07:11.874Z","correlation_id":null,"message":"Switched database connection","connection_name":"main"}
{"severity":"DEBUG","time":"2022-12-08T00:07:11.880Z","correlation_id":null,"message":"Switched database connection","connection_name":"main"}
{"severity":"DEBUG","time":"2022-12-08T00:07:11.888Z","correlation_id":null,"message":"Switched database connection","connection_name":"main"}
{"severity":"INFO","time":"2022-12-08T00:07:11.894Z","correlation_id":null,"message":"Finished sync of dynamic postgres partitions"}
{"severity":"INFO","time":"2022-12-08T00:08:11.861Z","correlation_id":null,"message":"Syncing dynamic postgres partitions"}
{"severity":"DEBUG","time":"2022-12-08T00:08:11.872Z","correlation_id":null,"message":"Switched database connection","connection_name":"main"}
{"severity":"INFO","time":"2022-12-08T00:08:12.906Z","correlation_id":null,"message":"Checking state of dynamic postgres partitions","table_name":"audit_events","connection_name":"main"}
{"severity":"DEBUG","time":"2022-12-08T00:08:13.347Z","correlation_id":null,"message":"Switched database connection","connection_name":"main"}
{"severity":"INFO","time":"2022-12-08T00:08:13.369Z","correlation_id":null,"message":"Checking state of dynamic postgres partitions","table_name":"web_hook_logs","connection_name":"main"}
{"severity":"DEBUG","time":"2022-12-08T00:08:13.463Z","correlation_id":null,"message":"Switched database connection","connection_name":"main"}
{"severity":"INFO","time":"2022-12-08T00:08:13.483Z","correlation_id":null,"message":"Checking state of dynamic postgres partitions","table_name":"loose_foreign_keys_deleted_records","connection_name":"main"}
{"severity":"DEBUG","time":"2022-12-08T00:08:13.757Z","correlation_id":null,"message":"Switched database connection","connection_name":"main"}
{"severity":"INFO","time":"2022-12-08T00:08:13.772Z","correlation_id":null,"message":"Checking state of dynamic postgres partitions","table_name":"batched_background_migration_job_transition_logs","connection_name":"main"}
{"severity":"DEBUG","time":"2022-12-08T00:08:13.860Z","correlation_id":null,"message":"Switched database connection","connection_name":"main"}
{"severity":"INFO","time":"2022-12-08T00:08:13.875Z","correlation_id":null,"message":"Checking state of dynamic postgres partitions","table_name":"incident_management_pending_alert_escalations","connection_name":"main"}
{"severity":"DEBUG","time":"2022-12-08T00:08:13.948Z","correlation_id":null,"message":"Switched database connection","connection_name":"main"}
{"severity":"INFO","time":"2022-12-08T00:08:13.966Z","correlation_id":null,"message":"Checking state of dynamic postgres partitions","table_name":"incident_management_pending_issue_escalations","connection_name":"main"}
{"severity":"DEBUG","time":"2022-12-08T00:08:14.040Z","correlation_id":null,"message":"Switched database connection","connection_name":"main"}
{"severity":"INFO","time":"2022-12-08T00:08:14.055Z","correlation_id":null,"message":"Checking state of dynamic postgres partitions","table_name":"verification_codes","connection_name":"main"}
{"severity":"DEBUG","time":"2022-12-08T00:08:14.129Z","correlation_id":null,"message":"Switched database connection","connection_name":"main"}
{"severity":"DEBUG","time":"2022-12-08T00:08:14.135Z","correlation_id":null,"message":"Switched database connection","connection_name":"main"}
{"severity":"DEBUG","time":"2022-12-08T00:08:14.139Z","correlation_id":null,"message":"Switched database connection","connection_name":"main"}
{"severity":"DEBUG","time":"2022-12-08T00:08:14.144Z","correlation_id":null,"message":"Switched database connection","connection_name":"main"}
{"severity":"DEBUG","time":"2022-12-08T00:08:14.149Z","correlation_id":null,"message":"Switched database connection","connection_name":"main"}
{"severity":"INFO","time":"2022-12-08T00:08:14.153Z","correlation_id":null,"message":"Finished sync of dynamic postgres partitions"}
{"severity":"INFO","time":"2022-12-08T00:08:25.131Z","correlation_id":null,"message":"Syncing dynamic postgres partitions"}
{"severity":"DEBUG","time":"2022-12-08T00:08:25.148Z","correlation_id":null,"message":"Switched database connection","connection_name":"main"}
{"severity":"INFO","time":"2022-12-08T00:08:25.650Z","correlation_id":null,"message":"Checking state of dynamic postgres partitions","table_name":"audit_events","connection_name":"main"}
{"severity":"DEBUG","time":"2022-12-08T00:08:26.109Z","correlation_id":null,"message":"Switched database connection","connection_name":"main"}
{"severity":"INFO","time":"2022-12-08T00:08:26.139Z","correlation_id":null,"message":"Checking state of dynamic postgres partitions","table_name":"web_hook_logs","connection_name":"main"}
{"severity":"DEBUG","time":"2022-12-08T00:08:26.355Z","correlation_id":null,"message":"Switched database connection","connection_name":"main"}
{"severity":"INFO","time":"2022-12-08T00:08:26.380Z","correlation_id":null,"message":"Checking state of dynamic postgres partitions","table_name":"loose_foreign_keys_deleted_records","connection_name":"main"}
{"severity":"DEBUG","time":"2022-12-08T00:08:26.817Z","correlation_id":null,"message":"Switched database connection","connection_name":"main"}
{"severity":"INFO","time":"2022-12-08T00:08:26.840Z","correlation_id":null,"message":"Checking state of dynamic postgres partitions","table_name":"batched_background_migration_job_transition_logs","connection_name":"main"}
{"severity":"DEBUG","time":"2022-12-08T00:08:26.985Z","correlation_id":null,"message":"Switched database connection","connection_name":"main"}
{"severity":"INFO","time":"2022-12-08T00:08:27.016Z","correlation_id":null,"message":"Checking state of dynamic postgres partitions","table_name":"incident_management_pending_alert_escalations","connection_name":"main"}
{"severity":"DEBUG","time":"2022-12-08T00:08:27.145Z","correlation_id":null,"message":"Switched database connection","connection_name":"main"}
{"severity":"INFO","time":"2022-12-08T00:08:27.176Z","correlation_id":null,"message":"Checking state of dynamic postgres partitions","table_name":"incident_management_pending_issue_escalations","connection_name":"main"}
{"severity":"DEBUG","time":"2022-12-08T00:08:27.316Z","correlation_id":null,"message":"Switched database connection","connection_name":"main"}
{"severity":"INFO","time":"2022-12-08T00:08:27.341Z","correlation_id":null,"message":"Checking state of dynamic postgres partitions","table_name":"verification_codes","connection_name":"main"}
{"severity":"DEBUG","time":"2022-12-08T00:08:27.456Z","correlation_id":null,"message":"Switched database connection","connection_name":"main"}
{"severity":"DEBUG","time":"2022-12-08T00:08:27.467Z","correlation_id":null,"message":"Switched database connection","connection_name":"main"}
{"severity":"DEBUG","time":"2022-12-08T00:08:27.475Z","correlation_id":null,"message":"Switched database connection","connection_name":"main"}
{"severity":"DEBUG","time":"2022-12-08T00:08:27.484Z","correlation_id":null,"message":"Switched database connection","connection_name":"main"}
{"severity":"DEBUG","time":"2022-12-08T00:08:27.491Z","correlation_id":null,"message":"Switched database connection","connection_name":"main"}
{"severity":"INFO","time":"2022-12-08T00:08:27.506Z","correlation_id":null,"message":"Finished sync of dynamic postgres partitions"}
{"severity":"INFO","time":"2022-12-08T00:09:34.550Z","correlation_id":null,"message":"Application boot finished","runtime":"sidekiq","duration_s":121.4685512100001}
{"severity":"DEBUG","time":"2022-12-08T00:10:55.363Z","correlation_id":null,"message":"ActiveRecord connection established"}
{"severity":"INFO","time":"2022-12-08T00:10:57.566Z","correlation_id":"5a3a628b232222ed7b1d370cff58d494","event":"authorized_projects_refresh","user_id":1,"authorized_projects_refresh.source":"AuthorizedProjectsWorker","authorized_projects_refresh.rows_deleted_count":0,"authorized_projects_refresh.rows_added_count":0,"authorized_projects_refresh.rows_deleted_slice":[],"authorized_projects_refresh.rows_added_slice":[]}
{"severity":"INFO","time":"2022-12-08T00:11:07.075Z","correlation_id":null,"message":"Syncing dynamic postgres partitions"}
{"severity":"DEBUG","time":"2022-12-08T00:11:07.103Z","correlation_id":null,"message":"Switched database connection","connection_name":"main"}
{"severity":"INFO","time":"2022-12-08T00:11:07.382Z","correlation_id":null,"message":"Checking state of dynamic postgres partitions","table_name":"audit_events","connection_name":"main"}
{"severity":"DEBUG","time":"2022-12-08T00:11:07.595Z","correlation_id":null,"message":"Switched database connection","connection_name":"main"}
{"severity":"INFO","time":"2022-12-08T00:11:07.631Z","correlation_id":null,"message":"Checking state of dynamic postgres partitions","table_name":"web_hook_logs","connection_name":"main"}
{"severity":"DEBUG","time":"2022-12-08T00:11:07.743Z","correlation_id":null,"message":"Switched database connection","connection_name":"main"}
{"severity":"INFO","time":"2022-12-08T00:11:07.787Z","correlation_id":null,"message":"Checking state of dynamic postgres partitions","table_name":"loose_foreign_keys_deleted_records","connection_name":"main"}
{"severity":"DEBUG","time":"2022-12-08T00:11:08.118Z","correlation_id":null,"message":"Switched database connection","connection_name":"main"}
{"severity":"INFO","time":"2022-12-08T00:11:08.154Z","correlation_id":null,"message":"Checking state of dynamic postgres partitions","table_name":"batched_background_migration_job_transition_logs","connection_name":"main"}
{"severity":"DEBUG","time":"2022-12-08T00:11:08.353Z","correlation_id":null,"message":"Switched database connection","connection_name":"main"}
{"severity":"INFO","time":"2022-12-08T00:11:08.384Z","correlation_id":null,"message":"Checking state of dynamic postgres partitions","table_name":"incident_management_pending_alert_escalations","connection_name":"main"}
{"severity":"DEBUG","time":"2022-12-08T00:11:08.578Z","correlation_id":null,"message":"Switched database connection","connection_name":"main"}
{"severity":"INFO","time":"2022-12-08T00:11:08.609Z","correlation_id":null,"message":"Checking state of dynamic postgres partitions","table_name":"incident_management_pending_issue_escalations","connection_name":"main"}
{"severity":"DEBUG","time":"2022-12-08T00:11:08.829Z","correlation_id":null,"message":"Switched database connection","connection_name":"main"}
{"severity":"INFO","time":"2022-12-08T00:11:08.956Z","correlation_id":null,"message":"Checking state of dynamic postgres partitions","table_name":"verification_codes","connection_name":"main"}
{"severity":"DEBUG","time":"2022-12-08T00:11:09.184Z","correlation_id":null,"message":"Switched database connection","connection_name":"main"}
{"severity":"DEBUG","time":"2022-12-08T00:11:09.201Z","correlation_id":null,"message":"Switched database connection","connection_name":"main"}
{"severity":"DEBUG","time":"2022-12-08T00:11:09.223Z","correlation_id":null,"message":"Switched database connection","connection_name":"main"}
{"severity":"DEBUG","time":"2022-12-08T00:11:09.233Z","correlation_id":null,"message":"Switched database connection","connection_name":"main"}
{"severity":"DEBUG","time":"2022-12-08T00:11:09.249Z","correlation_id":null,"message":"Switched database connection","connection_name":"main"}
{"severity":"INFO","time":"2022-12-08T00:11:09.263Z","correlation_id":null,"message":"Finished sync of dynamic postgres partitions"}
{"severity":"INFO","time":"2022-12-08T00:12:20.413Z","correlation_id":null,"message":"Syncing dynamic postgres partitions"}
{"severity":"DEBUG","time":"2022-12-08T00:12:20.427Z","correlation_id":null,"message":"Switched database connection","connection_name":"main"}
{"severity":"INFO","time":"2022-12-08T00:12:22.277Z","correlation_id":null,"message":"Checking state of dynamic postgres partitions","table_name":"audit_events","connection_name":"main"}
{"severity":"DEBUG","time":"2022-12-08T00:12:22.573Z","correlation_id":null,"message":"Switched database connection","connection_name":"main"}
{"severity":"INFO","time":"2022-12-08T00:12:22.606Z","correlation_id":null,"message":"Checking state of dynamic postgres partitions","table_name":"web_hook_logs","connection_name":"main"}
{"severity":"DEBUG","time":"2022-12-08T00:12:22.743Z","correlation_id":null,"message":"Switched database connection","connection_name":"main"}
{"severity":"INFO","time":"2022-12-08T00:12:22.774Z","correlation_id":null,"message":"Checking state of dynamic postgres partitions","table_name":"loose_foreign_keys_deleted_records","connection_name":"main"}
{"severity":"DEBUG","time":"2022-12-08T00:12:23.285Z","correlation_id":null,"message":"Switched database connection","connection_name":"main"}
{"severity":"INFO","time":"2022-12-08T00:12:23.310Z","correlation_id":null,"message":"Checking state of dynamic postgres partitions","table_name":"batched_background_migration_job_transition_logs","connection_name":"main"}
{"severity":"DEBUG","time":"2022-12-08T00:12:23.478Z","correlation_id":null,"message":"Switched database connection","connection_name":"main"}
{"severity":"INFO","time":"2022-12-08T00:12:23.516Z","correlation_id":null,"message":"Checking state of dynamic postgres partitions","table_name":"incident_management_pending_alert_escalations","connection_name":"main"}
{"severity":"DEBUG","time":"2022-12-08T00:12:23.658Z","correlation_id":null,"message":"Switched database connection","connection_name":"main"}
{"severity":"INFO","time":"2022-12-08T00:12:23.681Z","correlation_id":null,"message":"Checking state of dynamic postgres partitions","table_name":"incident_management_pending_issue_escalations","connection_name":"main"}
{"severity":"DEBUG","time":"2022-12-08T00:12:23.846Z","correlation_id":null,"message":"Switched database connection","connection_name":"main"}
{"severity":"INFO","time":"2022-12-08T00:12:23.919Z","correlation_id":null,"message":"Checking state of dynamic postgres partitions","table_name":"verification_codes","connection_name":"main"}
{"severity":"DEBUG","time":"2022-12-08T00:12:24.099Z","correlation_id":null,"message":"Switched database connection","connection_name":"main"}
{"severity":"DEBUG","time":"2022-12-08T00:12:24.110Z","correlation_id":null,"message":"Switched database connection","connection_name":"main"}
{"severity":"DEBUG","time":"2022-12-08T00:12:24.123Z","correlation_id":null,"message":"Switched database connection","connection_name":"main"}
{"severity":"DEBUG","time":"2022-12-08T00:12:24.137Z","correlation_id":null,"message":"Switched database connection","connection_name":"main"}
{"severity":"DEBUG","time":"2022-12-08T00:12:24.146Z","correlation_id":null,"message":"Switched database connection","connection_name":"main"}
{"severity":"INFO","time":"2022-12-08T00:12:24.156Z","correlation_id":null,"message":"Finished sync of dynamic postgres partitions"}
{"severity":"DEBUG","time":"2022-12-08T00:13:23.392Z","correlation_id":null,"message":"ActiveRecord connection established"}
{"severity":"INFO","time":"2022-12-08T00:13:30.398Z","correlation_id":null,"message":"Syncing dynamic postgres partitions"}
{"severity":"DEBUG","time":"2022-12-08T00:13:30.407Z","correlation_id":null,"message":"Switched database connection","connection_name":"main"}
{"severity":"INFO","time":"2022-12-08T00:13:30.631Z","correlation_id":null,"message":"Checking state of dynamic postgres partitions","table_name":"audit_events","connection_name":"main"}
{"severity":"DEBUG","time":"2022-12-08T00:13:30.823Z","correlation_id":null,"message":"Switched database connection","connection_name":"main"}
{"severity":"INFO","time":"2022-12-08T00:13:30.848Z","correlation_id":null,"message":"Checking state of dynamic postgres partitions","table_name":"web_hook_logs","connection_name":"main"}
{"severity":"DEBUG","time":"2022-12-08T00:13:30.967Z","correlation_id":null,"message":"Switched database connection","connection_name":"main"}
{"severity":"INFO","time":"2022-12-08T00:13:30.990Z","correlation_id":null,"message":"Checking state of dynamic postgres partitions","table_name":"loose_foreign_keys_deleted_records","connection_name":"main"}
{"severity":"DEBUG","time":"2022-12-08T00:13:31.224Z","correlation_id":null,"message":"Switched database connection","connection_name":"main"}
{"severity":"INFO","time":"2022-12-08T00:13:31.246Z","correlation_id":null,"message":"Checking state of dynamic postgres partitions","table_name":"batched_background_migration_job_transition_logs","connection_name":"main"}
{"severity":"DEBUG","time":"2022-12-08T00:13:31.378Z","correlation_id":null,"message":"Switched database connection","connection_name":"main"}
{"severity":"INFO","time":"2022-12-08T00:13:31.405Z","correlation_id":null,"message":"Checking state of dynamic postgres partitions","table_name":"incident_management_pending_alert_escalations","connection_name":"main"}
{"severity":"DEBUG","time":"2022-12-08T00:13:31.509Z","correlation_id":null,"message":"Switched database connection","connection_name":"main"}
{"severity":"INFO","time":"2022-12-08T00:13:31.531Z","correlation_id":null,"message":"Checking state of dynamic postgres partitions","table_name":"incident_management_pending_issue_escalations","connection_name":"main"}
{"severity":"DEBUG","time":"2022-12-08T00:13:31.636Z","correlation_id":null,"message":"Switched database connection","connection_name":"main"}
{"severity":"INFO","time":"2022-12-08T00:13:31.660Z","correlation_id":null,"message":"Checking state of dynamic postgres partitions","table_name":"verification_codes","connection_name":"main"}
{"severity":"DEBUG","time":"2022-12-08T00:13:31.795Z","correlation_id":null,"message":"Switched database connection","connection_name":"main"}
{"severity":"DEBUG","time":"2022-12-08T00:13:31.801Z","correlation_id":null,"message":"Switched database connection","connection_name":"main"}
{"severity":"DEBUG","time":"2022-12-08T00:13:31.809Z","correlation_id":null,"message":"Switched database connection","connection_name":"main"}
{"severity":"DEBUG","time":"2022-12-08T00:13:31.816Z","correlation_id":null,"message":"Switched database connection","connection_name":"main"}
{"severity":"DEBUG","time":"2022-12-08T00:13:31.832Z","correlation_id":null,"message":"Switched database connection","connection_name":"main"}
{"severity":"INFO","time":"2022-12-08T00:13:31.837Z","correlation_id":null,"message":"Finished sync of dynamic postgres partitions"}
{"severity":"DEBUG","time":"2022-12-08T00:14:29.501Z","correlation_id":null,"message":"ActiveRecord connection established"}
{"severity":"INFO","time":"2022-12-08T00:14:30.911Z","correlation_id":null,"message":"Syncing dynamic postgres partitions"}
{"severity":"DEBUG","time":"2022-12-08T00:14:30.921Z","correlation_id":null,"message":"Switched database connection","connection_name":"main"}
{"severity":"INFO","time":"2022-12-08T00:14:30.960Z","correlation_id":null,"message":"Syncing dynamic postgres partitions"}
{"severity":"DEBUG","time":"2022-12-08T00:14:30.968Z","correlation_id":null,"message":"Switched database connection","connection_name":"main"}
{"severity":"INFO","time":"2022-12-08T00:14:31.238Z","correlation_id":null,"message":"Checking state of dynamic postgres partitions","table_name":"audit_events","connection_name":"main"}
{"severity":"INFO","time":"2022-12-08T00:14:31.272Z","correlation_id":null,"message":"Checking state of dynamic postgres partitions","table_name":"audit_events","connection_name":"main"}
{"severity":"DEBUG","time":"2022-12-08T00:14:31.299Z","correlation_id":null,"message":"Switched database connection","connection_name":"main"}
{"severity":"INFO","time":"2022-12-08T00:14:31.326Z","correlation_id":null,"message":"Checking state of dynamic postgres partitions","table_name":"web_hook_logs","connection_name":"main"}
{"severity":"DEBUG","time":"2022-12-08T00:14:31.435Z","correlation_id":null,"message":"Switched database connection","connection_name":"main"}
{"severity":"INFO","time":"2022-12-08T00:14:31.461Z","correlation_id":null,"message":"Checking state of dynamic postgres partitions","table_name":"web_hook_logs","connection_name":"main"}
{"severity":"DEBUG","time":"2022-12-08T00:14:31.468Z","correlation_id":null,"message":"Switched database connection","connection_name":"main"}
{"severity":"INFO","time":"2022-12-08T00:14:31.491Z","correlation_id":null,"message":"Checking state of dynamic postgres partitions","table_name":"loose_foreign_keys_deleted_records","connection_name":"main"}
{"severity":"DEBUG","time":"2022-12-08T00:14:31.496Z","correlation_id":null,"message":"Switched database connection","connection_name":"main"}
{"severity":"INFO","time":"2022-12-08T00:14:31.524Z","correlation_id":null,"message":"Checking state of dynamic postgres partitions","table_name":"loose_foreign_keys_deleted_records","connection_name":"main"}
{"severity":"DEBUG","time":"2022-12-08T00:14:31.558Z","correlation_id":null,"message":"Switched database connection","connection_name":"main"}
{"severity":"INFO","time":"2022-12-08T00:14:31.585Z","correlation_id":null,"message":"Checking state of dynamic postgres partitions","table_name":"batched_background_migration_job_transition_logs","connection_name":"main"}
{"severity":"DEBUG","time":"2022-12-08T00:14:31.791Z","correlation_id":null,"message":"Switched database connection","connection_name":"main"}
{"severity":"INFO","time":"2022-12-08T00:14:31.844Z","correlation_id":null,"message":"Checking state of dynamic postgres partitions","table_name":"incident_management_pending_alert_escalations","connection_name":"main"}
{"severity":"DEBUG","time":"2022-12-08T00:14:31.867Z","correlation_id":null,"message":"Switched database connection","connection_name":"main"}
{"severity":"INFO","time":"2022-12-08T00:14:31.928Z","correlation_id":null,"message":"Checking state of dynamic postgres partitions","table_name":"batched_background_migration_job_transition_logs","connection_name":"main"}
{"severity":"DEBUG","time":"2022-12-08T00:14:32.046Z","correlation_id":null,"message":"Switched database connection","connection_name":"main"}
{"severity":"INFO","time":"2022-12-08T00:14:32.070Z","correlation_id":null,"message":"Checking state of dynamic postgres partitions","table_name":"incident_management_pending_issue_escalations","connection_name":"main"}
{"severity":"DEBUG","time":"2022-12-08T00:14:32.194Z","correlation_id":null,"message":"Switched database connection","connection_name":"main"}
{"severity":"DEBUG","time":"2022-12-08T00:14:32.202Z","correlation_id":null,"message":"Switched database connection","connection_name":"main"}
{"severity":"INFO","time":"2022-12-08T00:14:32.232Z","correlation_id":null,"message":"Checking state of dynamic postgres partitions","table_name":"verification_codes","connection_name":"main"}
{"severity":"INFO","time":"2022-12-08T00:14:32.234Z","correlation_id":null,"message":"Checking state of dynamic postgres partitions","table_name":"incident_management_pending_alert_escalations","connection_name":"main"}
{"severity":"DEBUG","time":"2022-12-08T00:14:32.411Z","correlation_id":null,"message":"Switched database connection","connection_name":"main"}
{"severity":"DEBUG","time":"2022-12-08T00:14:32.424Z","correlation_id":null,"message":"Switched database connection","connection_name":"main"}
{"severity":"DEBUG","time":"2022-12-08T00:14:32.434Z","correlation_id":null,"message":"Switched database connection","connection_name":"main"}
{"severity":"DEBUG","time":"2022-12-08T00:14:32.454Z","correlation_id":null,"message":"Switched database connection","connection_name":"main"}
{"severity":"DEBUG","time":"2022-12-08T00:14:32.457Z","correlation_id":null,"message":"Switched database connection","connection_name":"main"}
{"severity":"DEBUG","time":"2022-12-08T00:14:32.467Z","correlation_id":null,"message":"Switched database connection","connection_name":"main"}
{"severity":"INFO","time":"2022-12-08T00:14:32.482Z","correlation_id":null,"message":"Checking state of dynamic postgres partitions","table_name":"incident_management_pending_issue_escalations","connection_name":"main"}
{"severity":"INFO","time":"2022-12-08T00:14:32.485Z","correlation_id":null,"message":"Finished sync of dynamic postgres partitions"}
{"severity":"DEBUG","time":"2022-12-08T00:14:32.629Z","correlation_id":null,"message":"Switched database connection","connection_name":"main"}
{"severity":"INFO","time":"2022-12-08T00:14:32.656Z","correlation_id":null,"message":"Checking state of dynamic postgres partitions","table_name":"verification_codes","connection_name":"main"}
{"severity":"DEBUG","time":"2022-12-08T00:14:32.778Z","correlation_id":null,"message":"Switched database connection","connection_name":"main"}
{"severity":"DEBUG","time":"2022-12-08T00:14:32.790Z","correlation_id":null,"message":"Switched database connection","connection_name":"main"}
{"severity":"DEBUG","time":"2022-12-08T00:14:32.802Z","correlation_id":null,"message":"Switched database connection","connection_name":"main"}
{"severity":"DEBUG","time":"2022-12-08T00:14:32.821Z","correlation_id":null,"message":"Switched database connection","connection_name":"main"}
{"severity":"DEBUG","time":"2022-12-08T00:14:32.834Z","correlation_id":null,"message":"Switched database connection","connection_name":"main"}
{"severity":"INFO","time":"2022-12-08T00:14:32.850Z","correlation_id":null,"message":"Finished sync of dynamic postgres partitions"}
{"severity":"INFO","time":"2022-12-08T00:14:36.390Z","correlation_id":null,"message":"Syncing dynamic postgres partitions"}
{"severity":"DEBUG","time":"2022-12-08T00:14:36.399Z","correlation_id":null,"message":"Switched database connection","connection_name":"main"}
{"severity":"INFO","time":"2022-12-08T00:14:36.612Z","correlation_id":null,"message":"Checking state of dynamic postgres partitions","table_name":"audit_events","connection_name":"main"}
{"severity":"DEBUG","time":"2022-12-08T00:14:36.813Z","correlation_id":null,"message":"Switched database connection","connection_name":"main"}
{"severity":"INFO","time":"2022-12-08T00:14:36.842Z","correlation_id":null,"message":"Checking state of dynamic postgres partitions","table_name":"web_hook_logs","connection_name":"main"}
{"severity":"DEBUG","time":"2022-12-08T00:14:36.955Z","correlation_id":null,"message":"Switched database connection","connection_name":"main"}
{"severity":"INFO","time":"2022-12-08T00:14:36.977Z","correlation_id":null,"message":"Checking state of dynamic postgres partitions","table_name":"loose_foreign_keys_deleted_records","connection_name":"main"}
{"severity":"DEBUG","time":"2022-12-08T00:14:37.199Z","correlation_id":null,"message":"Switched database connection","connection_name":"main"}
{"severity":"INFO","time":"2022-12-08T00:14:37.228Z","correlation_id":null,"message":"Checking state of dynamic postgres partitions","table_name":"batched_background_migration_job_transition_logs","connection_name":"main"}
{"severity":"DEBUG","time":"2022-12-08T00:14:37.356Z","correlation_id":null,"message":"Switched database connection","connection_name":"main"}
{"severity":"INFO","time":"2022-12-08T00:14:37.378Z","correlation_id":null,"message":"Checking state of dynamic postgres partitions","table_name":"incident_management_pending_alert_escalations","connection_name":"main"}
{"severity":"DEBUG","time":"2022-12-08T00:14:37.488Z","correlation_id":null,"message":"Switched database connection","connection_name":"main"}
{"severity":"INFO","time":"2022-12-08T00:14:37.512Z","correlation_id":null,"message":"Checking state of dynamic postgres partitions","table_name":"incident_management_pending_issue_escalations","connection_name":"main"}
{"severity":"DEBUG","time":"2022-12-08T00:14:37.659Z","correlation_id":null,"message":"Switched database connection","connection_name":"main"}
{"severity":"INFO","time":"2022-12-08T00:14:37.689Z","correlation_id":null,"message":"Checking state of dynamic postgres partitions","table_name":"verification_codes","connection_name":"main"}
{"severity":"DEBUG","time":"2022-12-08T00:14:37.819Z","correlation_id":null,"message":"Switched database connection","connection_name":"main"}
{"severity":"DEBUG","time":"2022-12-08T00:14:37.835Z","correlation_id":null,"message":"Switched database connection","connection_name":"main"}
{"severity":"DEBUG","time":"2022-12-08T00:14:37.853Z","correlation_id":null,"message":"Switched database connection","connection_name":"main"}
{"severity":"DEBUG","time":"2022-12-08T00:14:37.865Z","correlation_id":null,"message":"Switched database connection","connection_name":"main"}
{"severity":"DEBUG","time":"2022-12-08T00:14:37.874Z","correlation_id":null,"message":"Switched database connection","connection_name":"main"}
{"severity":"INFO","time":"2022-12-08T00:14:37.883Z","correlation_id":null,"message":"Finished sync of dynamic postgres partitions"}
{"severity":"INFO","time":"2022-12-08T00:16:19.849Z","correlation_id":null,"message":"Application boot finished","runtime":"sidekiq","duration_s":210.11362147499995}
{"severity":"DEBUG","time":"2022-12-08T00:17:58.476Z","correlation_id":null,"message":"ActiveRecord connections disconnected"}
{"severity":"INFO","time":"2022-12-08T00:17:58.482Z","correlation_id":null,"message":"Application boot finished","runtime":"puma","duration_s":320.86099174699984}
{"severity":"DEBUG","time":"2022-12-08T00:18:01.337Z","correlation_id":null,"message":"ActiveRecord connection established"}
{"severity":"DEBUG","time":"2022-12-08T00:18:01.345Z","correlation_id":null,"message":"ActiveRecord connection established"}
{"severity":"INFO","time":"2022-12-08T00:18:01.730Z","correlation_id":null,"pid":1842,"worker_id":"puma_0","memwd_handler_class":"Gitlab::Memory::Watchdog::NullHandler","memwd_sleep_time_s":60,"memwd_rss_bytes":677199872,"message":"started"}
{"severity":"INFO","time":"2022-12-08T00:18:01.778Z","correlation_id":null,"pid":1844,"worker_id":"puma_1","memwd_handler_class":"Gitlab::Memory::Watchdog::NullHandler","memwd_sleep_time_s":60,"memwd_rss_bytes":679022592,"message":"started"}
