# Logfile created on 2022-12-08 00:02:23 +0000 by logger.rb/v1.4.2
2022-12-08T00:02:23.051Z: ActiveRecord connection established
2022-12-08T00:02:24.320Z: {:message=>"Syncing dynamic postgres partitions"}
2022-12-08T00:02:24.325Z: {:message=>"Switched database connection", :connection_name=>"main"}
2022-12-08T00:02:24.441Z: {:message=>"Failed to create / detach partition(s)", :table_name=>"audit_events", :exception_class=>ActiveRecord::StatementInvalid, :exception_message=>"PG::UndefinedTable: ERROR:  relation \"postgres_partitioned_tables\" does not exist\nLINE 1: ...ain*/ SELECT \"postgres_partitioned_tables\".* FROM \"postgres_...\n                                                             ^\n", :connection_name=>"main"}
2022-12-08T00:02:24.446Z: {:message=>"Switched database connection", :connection_name=>"main"}
2022-12-08T00:02:24.452Z: {:message=>"Failed to create / detach partition(s)", :table_name=>"web_hook_logs", :exception_class=>ActiveRecord::StatementInvalid, :exception_message=>"PG::UndefinedTable: ERROR:  relation \"postgres_partitioned_tables\" does not exist\nLINE 1: ...ain*/ SELECT \"postgres_partitioned_tables\".* FROM \"postgres_...\n                                                             ^\n", :connection_name=>"main"}
2022-12-08T00:02:24.456Z: {:message=>"Switched database connection", :connection_name=>"main"}
2022-12-08T00:02:24.465Z: {:message=>"Failed to create / detach partition(s)", :table_name=>"loose_foreign_keys_deleted_records", :exception_class=>ActiveRecord::StatementInvalid, :exception_message=>"PG::UndefinedTable: ERROR:  relation \"postgres_partitioned_tables\" does not exist\nLINE 1: ...ain*/ SELECT \"postgres_partitioned_tables\".* FROM \"postgres_...\n                                                             ^\n", :connection_name=>"main"}
2022-12-08T00:02:24.469Z: {:message=>"Switched database connection", :connection_name=>"main"}
2022-12-08T00:02:24.476Z: {:message=>"Failed to create / detach partition(s)", :table_name=>"batched_background_migration_job_transition_logs", :exception_class=>ActiveRecord::StatementInvalid, :exception_message=>"PG::UndefinedTable: ERROR:  relation \"postgres_partitioned_tables\" does not exist\nLINE 1: ...ain*/ SELECT \"postgres_partitioned_tables\".* FROM \"postgres_...\n                                                             ^\n", :connection_name=>"main"}
2022-12-08T00:02:24.481Z: {:message=>"Switched database connection", :connection_name=>"main"}
2022-12-08T00:02:24.487Z: {:message=>"Failed to create / detach partition(s)", :table_name=>"incident_management_pending_alert_escalations", :exception_class=>ActiveRecord::StatementInvalid, :exception_message=>"PG::UndefinedTable: ERROR:  relation \"postgres_partitioned_tables\" does not exist\nLINE 1: ...ain*/ SELECT \"postgres_partitioned_tables\".* FROM \"postgres_...\n                                                             ^\n", :connection_name=>"main"}
2022-12-08T00:02:24.490Z: {:message=>"Switched database connection", :connection_name=>"main"}
2022-12-08T00:02:24.496Z: {:message=>"Failed to create / detach partition(s)", :table_name=>"incident_management_pending_issue_escalations", :exception_class=>ActiveRecord::StatementInvalid, :exception_message=>"PG::UndefinedTable: ERROR:  relation \"postgres_partitioned_tables\" does not exist\nLINE 1: ...ain*/ SELECT \"postgres_partitioned_tables\".* FROM \"postgres_...\n                                                             ^\n", :connection_name=>"main"}
2022-12-08T00:02:24.500Z: {:message=>"Switched database connection", :connection_name=>"main"}
2022-12-08T00:02:24.507Z: {:message=>"Failed to create / detach partition(s)", :table_name=>"verification_codes", :exception_class=>ActiveRecord::StatementInvalid, :exception_message=>"PG::UndefinedTable: ERROR:  relation \"postgres_partitioned_tables\" does not exist\nLINE 1: ...ain*/ SELECT \"postgres_partitioned_tables\".* FROM \"postgres_...\n                                                             ^\n", :connection_name=>"main"}
2022-12-08T00:02:24.510Z: {:message=>"Switched database connection", :connection_name=>"main"}
2022-12-08T00:02:24.513Z: {:message=>"Switched database connection", :connection_name=>"main"}
2022-12-08T00:02:24.517Z: {:message=>"Switched database connection", :connection_name=>"main"}
2022-12-08T00:02:24.521Z: {:message=>"Switched database connection", :connection_name=>"main"}
2022-12-08T00:02:24.524Z: {:message=>"Switched database connection", :connection_name=>"main"}
2022-12-08T00:02:24.527Z: {:message=>"Finished sync of dynamic postgres partitions"}
2022-12-08T00:05:25.167Z: {:message=>"Syncing dynamic postgres partitions"}
2022-12-08T00:05:25.175Z: {:message=>"Switched database connection", :connection_name=>"main"}
2022-12-08T00:05:25.526Z: {:message=>"Checking state of dynamic postgres partitions", :table_name=>"audit_events", :connection_name=>"main"}
2022-12-08T00:05:25.837Z: {:method=>"with_lock_retries", :class=>"Gitlab::Database::Partitioning::PartitionManager", :message=>"Lock timeout is set", :current_iteration=>1, :lock_timeout_in_ms=>100}
2022-12-08T00:05:26.404Z: {:message=>"Created partition", :partition_name=>"audit_events_000000", :table_name=>"audit_events"}
2022-12-08T00:05:26.574Z: {:message=>"Created partition", :partition_name=>"audit_events_202212", :table_name=>"audit_events"}
2022-12-08T00:05:26.728Z: {:message=>"Created partition", :partition_name=>"audit_events_202301", :table_name=>"audit_events"}
2022-12-08T00:05:26.863Z: {:message=>"Created partition", :partition_name=>"audit_events_202302", :table_name=>"audit_events"}
2022-12-08T00:05:27.011Z: {:message=>"Created partition", :partition_name=>"audit_events_202303", :table_name=>"audit_events"}
2022-12-08T00:05:27.169Z: {:message=>"Created partition", :partition_name=>"audit_events_202304", :table_name=>"audit_events"}
2022-12-08T00:05:27.300Z: {:message=>"Created partition", :partition_name=>"audit_events_202305", :table_name=>"audit_events"}
2022-12-08T00:05:27.410Z: {:message=>"Created partition", :partition_name=>"audit_events_202306", :table_name=>"audit_events"}
2022-12-08T00:05:27.416Z: {:method=>"with_lock_retries", :class=>"Gitlab::Database::Partitioning::PartitionManager", :message=>"Migration finished", :current_iteration=>1, :lock_timeout_in_ms=>100}
2022-12-08T00:05:27.633Z: {:message=>"Switched database connection", :connection_name=>"main"}
2022-12-08T00:05:27.680Z: {:message=>"Checking state of dynamic postgres partitions", :table_name=>"web_hook_logs", :connection_name=>"main"}
2022-12-08T00:05:27.884Z: {:method=>"with_lock_retries", :class=>"Gitlab::Database::Partitioning::PartitionManager", :message=>"Lock timeout is set", :current_iteration=>1, :lock_timeout_in_ms=>100}
2022-12-08T00:05:28.107Z: {:message=>"Created partition", :partition_name=>"web_hook_logs_202209", :table_name=>"web_hook_logs"}
2022-12-08T00:05:28.918Z: {:message=>"Created partition", :partition_name=>"web_hook_logs_202210", :table_name=>"web_hook_logs"}
2022-12-08T00:05:29.161Z: {:message=>"Created partition", :partition_name=>"web_hook_logs_202211", :table_name=>"web_hook_logs"}
2022-12-08T00:05:29.337Z: {:message=>"Created partition", :partition_name=>"web_hook_logs_202212", :table_name=>"web_hook_logs"}
2022-12-08T00:05:29.512Z: {:message=>"Created partition", :partition_name=>"web_hook_logs_202301", :table_name=>"web_hook_logs"}
2022-12-08T00:05:29.653Z: {:message=>"Created partition", :partition_name=>"web_hook_logs_202302", :table_name=>"web_hook_logs"}
2022-12-08T00:05:29.816Z: {:message=>"Created partition", :partition_name=>"web_hook_logs_202303", :table_name=>"web_hook_logs"}
2022-12-08T00:05:29.941Z: {:message=>"Created partition", :partition_name=>"web_hook_logs_202304", :table_name=>"web_hook_logs"}
2022-12-08T00:05:30.084Z: {:message=>"Created partition", :partition_name=>"web_hook_logs_202305", :table_name=>"web_hook_logs"}
2022-12-08T00:05:30.212Z: {:message=>"Created partition", :partition_name=>"web_hook_logs_202306", :table_name=>"web_hook_logs"}
2022-12-08T00:05:30.221Z: {:method=>"with_lock_retries", :class=>"Gitlab::Database::Partitioning::PartitionManager", :message=>"Migration finished", :current_iteration=>1, :lock_timeout_in_ms=>100}
2022-12-08T00:05:30.549Z: {:message=>"Switched database connection", :connection_name=>"main"}
2022-12-08T00:05:30.638Z: {:message=>"Checking state of dynamic postgres partitions", :table_name=>"loose_foreign_keys_deleted_records", :connection_name=>"main"}
2022-12-08T00:05:31.224Z: {:method=>"with_lock_retries", :class=>"Gitlab::Database::Partitioning::PartitionManager", :message=>"Lock timeout is set", :current_iteration=>1, :lock_timeout_in_ms=>100}
2022-12-08T00:05:31.507Z: {:message=>"Created partition", :partition_name=>"loose_foreign_keys_deleted_records_1", :table_name=>"loose_foreign_keys_deleted_records"}
2022-12-08T00:05:31.740Z: {:method=>"with_lock_retries", :class=>"Gitlab::Database::Partitioning::PartitionManager", :message=>"Migration finished", :current_iteration=>1, :lock_timeout_in_ms=>100}
2022-12-08T00:05:31.789Z: {:message=>"Switched database connection", :connection_name=>"main"}
2022-12-08T00:05:31.836Z: {:message=>"Checking state of dynamic postgres partitions", :table_name=>"batched_background_migration_job_transition_logs", :connection_name=>"main"}
2022-12-08T00:05:32.016Z: {:method=>"with_lock_retries", :class=>"Gitlab::Database::Partitioning::PartitionManager", :message=>"Lock timeout is set", :current_iteration=>1, :lock_timeout_in_ms=>100}
2022-12-08T00:05:32.443Z: {:message=>"Created partition", :partition_name=>"batched_background_migration_job_transition_logs_202206", :table_name=>"batched_background_migration_job_transition_logs"}
2022-12-08T00:05:32.639Z: {:message=>"Created partition", :partition_name=>"batched_background_migration_job_transition_logs_202207", :table_name=>"batched_background_migration_job_transition_logs"}
2022-12-08T00:05:32.944Z: {:message=>"Created partition", :partition_name=>"batched_background_migration_job_transition_logs_202208", :table_name=>"batched_background_migration_job_transition_logs"}
2022-12-08T00:05:33.132Z: {:message=>"Created partition", :partition_name=>"batched_background_migration_job_transition_logs_202209", :table_name=>"batched_background_migration_job_transition_logs"}
2022-12-08T00:05:33.374Z: {:message=>"Created partition", :partition_name=>"batched_background_migration_job_transition_logs_202210", :table_name=>"batched_background_migration_job_transition_logs"}
2022-12-08T00:05:33.584Z: {:message=>"Created partition", :partition_name=>"batched_background_migration_job_transition_logs_202211", :table_name=>"batched_background_migration_job_transition_logs"}
2022-12-08T00:05:33.850Z: {:message=>"Created partition", :partition_name=>"batched_background_migration_job_transition_logs_202212", :table_name=>"batched_background_migration_job_transition_logs"}
2022-12-08T00:05:34.041Z: {:message=>"Created partition", :partition_name=>"batched_background_migration_job_transition_logs_202301", :table_name=>"batched_background_migration_job_transition_logs"}
2022-12-08T00:05:34.188Z: {:message=>"Created partition", :partition_name=>"batched_background_migration_job_transition_logs_202302", :table_name=>"batched_background_migration_job_transition_logs"}
2022-12-08T00:05:34.357Z: {:message=>"Created partition", :partition_name=>"batched_background_migration_job_transition_logs_202303", :table_name=>"batched_background_migration_job_transition_logs"}
2022-12-08T00:05:34.527Z: {:message=>"Created partition", :partition_name=>"batched_background_migration_job_transition_logs_202304", :table_name=>"batched_background_migration_job_transition_logs"}
2022-12-08T00:05:34.733Z: {:message=>"Created partition", :partition_name=>"batched_background_migration_job_transition_logs_202305", :table_name=>"batched_background_migration_job_transition_logs"}
2022-12-08T00:05:34.863Z: {:message=>"Created partition", :partition_name=>"batched_background_migration_job_transition_logs_202306", :table_name=>"batched_background_migration_job_transition_logs"}
2022-12-08T00:05:34.870Z: {:method=>"with_lock_retries", :class=>"Gitlab::Database::Partitioning::PartitionManager", :message=>"Migration finished", :current_iteration=>1, :lock_timeout_in_ms=>100}
2022-12-08T00:05:35.373Z: {:message=>"Switched database connection", :connection_name=>"main"}
2022-12-08T00:05:35.520Z: {:message=>"Checking state of dynamic postgres partitions", :table_name=>"incident_management_pending_alert_escalations", :connection_name=>"main"}
2022-12-08T00:05:35.846Z: {:method=>"with_lock_retries", :class=>"Gitlab::Database::Partitioning::PartitionManager", :message=>"Lock timeout is set", :current_iteration=>1, :lock_timeout_in_ms=>100}
2022-12-08T00:05:36.247Z: {:message=>"Created partition", :partition_name=>"incident_management_pending_alert_escalations_000000", :table_name=>"incident_management_pending_alert_escalations"}
2022-12-08T00:05:36.509Z: {:message=>"Created partition", :partition_name=>"incident_management_pending_alert_escalations_202212", :table_name=>"incident_management_pending_alert_escalations"}
2022-12-08T00:05:36.679Z: {:message=>"Created partition", :partition_name=>"incident_management_pending_alert_escalations_202301", :table_name=>"incident_management_pending_alert_escalations"}
2022-12-08T00:05:36.909Z: {:message=>"Created partition", :partition_name=>"incident_management_pending_alert_escalations_202302", :table_name=>"incident_management_pending_alert_escalations"}
2022-12-08T00:05:37.143Z: {:message=>"Created partition", :partition_name=>"incident_management_pending_alert_escalations_202303", :table_name=>"incident_management_pending_alert_escalations"}
2022-12-08T00:05:37.376Z: {:message=>"Created partition", :partition_name=>"incident_management_pending_alert_escalations_202304", :table_name=>"incident_management_pending_alert_escalations"}
2022-12-08T00:05:37.580Z: {:message=>"Created partition", :partition_name=>"incident_management_pending_alert_escalations_202305", :table_name=>"incident_management_pending_alert_escalations"}
2022-12-08T00:05:37.767Z: {:message=>"Created partition", :partition_name=>"incident_management_pending_alert_escalations_202306", :table_name=>"incident_management_pending_alert_escalations"}
2022-12-08T00:05:37.777Z: {:method=>"with_lock_retries", :class=>"Gitlab::Database::Partitioning::PartitionManager", :message=>"Migration finished", :current_iteration=>1, :lock_timeout_in_ms=>100}
2022-12-08T00:05:38.005Z: {:message=>"Switched database connection", :connection_name=>"main"}
2022-12-08T00:05:38.093Z: {:message=>"Checking state of dynamic postgres partitions", :table_name=>"incident_management_pending_issue_escalations", :connection_name=>"main"}
2022-12-08T00:05:38.412Z: {:method=>"with_lock_retries", :class=>"Gitlab::Database::Partitioning::PartitionManager", :message=>"Lock timeout is set", :current_iteration=>1, :lock_timeout_in_ms=>100}
2022-12-08T00:05:39.157Z: {:message=>"Created partition", :partition_name=>"incident_management_pending_issue_escalations_000000", :table_name=>"incident_management_pending_issue_escalations"}
2022-12-08T00:05:39.634Z: {:message=>"Created partition", :partition_name=>"incident_management_pending_issue_escalations_202212", :table_name=>"incident_management_pending_issue_escalations"}
2022-12-08T00:05:39.831Z: {:message=>"Created partition", :partition_name=>"incident_management_pending_issue_escalations_202301", :table_name=>"incident_management_pending_issue_escalations"}
2022-12-08T00:05:40.109Z: {:message=>"Created partition", :partition_name=>"incident_management_pending_issue_escalations_202302", :table_name=>"incident_management_pending_issue_escalations"}
2022-12-08T00:05:40.272Z: {:message=>"Created partition", :partition_name=>"incident_management_pending_issue_escalations_202303", :table_name=>"incident_management_pending_issue_escalations"}
2022-12-08T00:05:40.482Z: {:message=>"Created partition", :partition_name=>"incident_management_pending_issue_escalations_202304", :table_name=>"incident_management_pending_issue_escalations"}
2022-12-08T00:05:40.663Z: {:message=>"Created partition", :partition_name=>"incident_management_pending_issue_escalations_202305", :table_name=>"incident_management_pending_issue_escalations"}
2022-12-08T00:05:40.845Z: {:message=>"Created partition", :partition_name=>"incident_management_pending_issue_escalations_202306", :table_name=>"incident_management_pending_issue_escalations"}
2022-12-08T00:05:40.851Z: {:method=>"with_lock_retries", :class=>"Gitlab::Database::Partitioning::PartitionManager", :message=>"Migration finished", :current_iteration=>1, :lock_timeout_in_ms=>100}
2022-12-08T00:05:41.059Z: {:message=>"Switched database connection", :connection_name=>"main"}
2022-12-08T00:05:41.129Z: {:message=>"Checking state of dynamic postgres partitions", :table_name=>"verification_codes", :connection_name=>"main"}
2022-12-08T00:05:41.410Z: {:method=>"with_lock_retries", :class=>"Gitlab::Database::Partitioning::PartitionManager", :message=>"Lock timeout is set", :current_iteration=>1, :lock_timeout_in_ms=>100}
2022-12-08T00:05:41.648Z: {:message=>"Created partition", :partition_name=>"verification_codes_000000", :table_name=>"verification_codes"}
2022-12-08T00:05:41.826Z: {:message=>"Created partition", :partition_name=>"verification_codes_202212", :table_name=>"verification_codes"}
2022-12-08T00:05:41.981Z: {:message=>"Created partition", :partition_name=>"verification_codes_202301", :table_name=>"verification_codes"}
2022-12-08T00:05:42.127Z: {:message=>"Created partition", :partition_name=>"verification_codes_202302", :table_name=>"verification_codes"}
2022-12-08T00:05:42.242Z: {:message=>"Created partition", :partition_name=>"verification_codes_202303", :table_name=>"verification_codes"}
2022-12-08T00:05:42.375Z: {:message=>"Created partition", :partition_name=>"verification_codes_202304", :table_name=>"verification_codes"}
2022-12-08T00:05:42.491Z: {:message=>"Created partition", :partition_name=>"verification_codes_202305", :table_name=>"verification_codes"}
2022-12-08T00:05:42.605Z: {:message=>"Created partition", :partition_name=>"verification_codes_202306", :table_name=>"verification_codes"}
2022-12-08T00:05:42.611Z: {:method=>"with_lock_retries", :class=>"Gitlab::Database::Partitioning::PartitionManager", :message=>"Migration finished", :current_iteration=>1, :lock_timeout_in_ms=>100}
2022-12-08T00:05:42.863Z: {:message=>"Switched database connection", :connection_name=>"main"}
2022-12-08T00:05:42.872Z: {:message=>"Switched database connection", :connection_name=>"main"}
2022-12-08T00:05:42.878Z: {:message=>"Switched database connection", :connection_name=>"main"}
2022-12-08T00:05:42.885Z: {:message=>"Switched database connection", :connection_name=>"main"}
2022-12-08T00:05:42.892Z: {:message=>"Switched database connection", :connection_name=>"main"}
2022-12-08T00:05:42.897Z: {:message=>"Finished sync of dynamic postgres partitions"}
2022-12-08T00:05:49.541Z: User "Administrator" (admin@example.com) was created
2022-12-08T00:05:50.186Z: {:message=>"Switched database connection", :connection_name=>"main"}
2022-12-08T00:05:50.287Z: {:message=>"Switched database connection", :connection_name=>"main"}
2022-12-08T00:05:50.295Z: {:message=>"Switched database connection", :connection_name=>"main"}
2022-12-08T00:05:50.356Z: {:message=>"Switched database connection", :connection_name=>"main"}
2022-12-08T00:05:51.293Z: Group "GitLab Instance" was created
2022-12-08T00:05:55.516Z: Administrator created a new project "GitLab Instance / Monitoring"
2022-12-08T00:05:56.485Z: AuthorizedProjectUpdate::ProjectRecalculateWorker.perform_async cannot be enqueued inside a transaction as this can lead to
race conditions when the worker runs before the transaction is committed and
tries to access a model that has not been saved yet.

Use an `after_commit` hook, or include `AfterCommitQueue` and use a `run_after_commit` block instead.

2022-12-08T00:05:56.552Z: Projects::PostCreationWorker.perform_async cannot be enqueued inside a transaction as this can lead to
race conditions when the worker runs before the transaction is committed and
tries to access a model that has not been saved yet.

Use an `after_commit` hook, or include `AfterCommitQueue` and use a `run_after_commit` block instead.

2022-12-08T00:05:57.697Z: Pages::InvalidateDomainCacheWorker.perform_async cannot be enqueued inside a transaction as this can lead to
race conditions when the worker runs before the transaction is committed and
tries to access a model that has not been saved yet.

Use an `after_commit` hook, or include `AfterCommitQueue` and use a `run_after_commit` block instead.

2022-12-08T00:05:58.803Z: Cannot obtain an exclusive lease. There must be another instance already in execution.
2022-12-08T00:06:52.850Z: ActiveRecord connection established
2022-12-08T00:07:10.498Z: {:message=>"Syncing dynamic postgres partitions"}
2022-12-08T00:07:10.507Z: {:message=>"Switched database connection", :connection_name=>"main"}
2022-12-08T00:07:10.774Z: {:message=>"Checking state of dynamic postgres partitions", :table_name=>"audit_events", :connection_name=>"main"}
2022-12-08T00:07:10.912Z: {:message=>"Switched database connection", :connection_name=>"main"}
2022-12-08T00:07:10.939Z: {:message=>"Checking state of dynamic postgres partitions", :table_name=>"web_hook_logs", :connection_name=>"main"}
2022-12-08T00:07:11.025Z: {:message=>"Switched database connection", :connection_name=>"main"}
2022-12-08T00:07:11.044Z: {:message=>"Checking state of dynamic postgres partitions", :table_name=>"loose_foreign_keys_deleted_records", :connection_name=>"main"}
2022-12-08T00:07:11.303Z: {:message=>"Switched database connection", :connection_name=>"main"}
2022-12-08T00:07:11.325Z: {:message=>"Checking state of dynamic postgres partitions", :table_name=>"batched_background_migration_job_transition_logs", :connection_name=>"main"}
2022-12-08T00:07:11.442Z: {:message=>"Switched database connection", :connection_name=>"main"}
2022-12-08T00:07:11.478Z: {:message=>"Checking state of dynamic postgres partitions", :table_name=>"incident_management_pending_alert_escalations", :connection_name=>"main"}
2022-12-08T00:07:11.582Z: {:message=>"Switched database connection", :connection_name=>"main"}
2022-12-08T00:07:11.603Z: {:message=>"Checking state of dynamic postgres partitions", :table_name=>"incident_management_pending_issue_escalations", :connection_name=>"main"}
2022-12-08T00:07:11.693Z: {:message=>"Switched database connection", :connection_name=>"main"}
2022-12-08T00:07:11.731Z: {:message=>"Checking state of dynamic postgres partitions", :table_name=>"verification_codes", :connection_name=>"main"}
2022-12-08T00:07:11.858Z: {:message=>"Switched database connection", :connection_name=>"main"}
2022-12-08T00:07:11.865Z: {:message=>"Switched database connection", :connection_name=>"main"}
2022-12-08T00:07:11.871Z: {:message=>"Switched database connection", :connection_name=>"main"}
2022-12-08T00:07:11.877Z: {:message=>"Switched database connection", :connection_name=>"main"}
2022-12-08T00:07:11.885Z: {:message=>"Switched database connection", :connection_name=>"main"}
2022-12-08T00:07:11.891Z: {:message=>"Finished sync of dynamic postgres partitions"}
2022-12-08T00:08:11.851Z: {:message=>"Syncing dynamic postgres partitions"}
2022-12-08T00:08:11.869Z: {:message=>"Switched database connection", :connection_name=>"main"}
2022-12-08T00:08:12.889Z: {:message=>"Checking state of dynamic postgres partitions", :table_name=>"audit_events", :connection_name=>"main"}
2022-12-08T00:08:13.343Z: {:message=>"Switched database connection", :connection_name=>"main"}
2022-12-08T00:08:13.366Z: {:message=>"Checking state of dynamic postgres partitions", :table_name=>"web_hook_logs", :connection_name=>"main"}
2022-12-08T00:08:13.459Z: {:message=>"Switched database connection", :connection_name=>"main"}
2022-12-08T00:08:13.479Z: {:message=>"Checking state of dynamic postgres partitions", :table_name=>"loose_foreign_keys_deleted_records", :connection_name=>"main"}
2022-12-08T00:08:13.755Z: {:message=>"Switched database connection", :connection_name=>"main"}
2022-12-08T00:08:13.770Z: {:message=>"Checking state of dynamic postgres partitions", :table_name=>"batched_background_migration_job_transition_logs", :connection_name=>"main"}
2022-12-08T00:08:13.858Z: {:message=>"Switched database connection", :connection_name=>"main"}
2022-12-08T00:08:13.873Z: {:message=>"Checking state of dynamic postgres partitions", :table_name=>"incident_management_pending_alert_escalations", :connection_name=>"main"}
2022-12-08T00:08:13.946Z: {:message=>"Switched database connection", :connection_name=>"main"}
2022-12-08T00:08:13.963Z: {:message=>"Checking state of dynamic postgres partitions", :table_name=>"incident_management_pending_issue_escalations", :connection_name=>"main"}
2022-12-08T00:08:14.036Z: {:message=>"Switched database connection", :connection_name=>"main"}
2022-12-08T00:08:14.053Z: {:message=>"Checking state of dynamic postgres partitions", :table_name=>"verification_codes", :connection_name=>"main"}
2022-12-08T00:08:14.126Z: {:message=>"Switched database connection", :connection_name=>"main"}
2022-12-08T00:08:14.131Z: {:message=>"Switched database connection", :connection_name=>"main"}
2022-12-08T00:08:14.137Z: {:message=>"Switched database connection", :connection_name=>"main"}
2022-12-08T00:08:14.142Z: {:message=>"Switched database connection", :connection_name=>"main"}
2022-12-08T00:08:14.146Z: {:message=>"Switched database connection", :connection_name=>"main"}
2022-12-08T00:08:14.151Z: {:message=>"Finished sync of dynamic postgres partitions"}
2022-12-08T00:08:25.126Z: {:message=>"Syncing dynamic postgres partitions"}
2022-12-08T00:08:25.143Z: {:message=>"Switched database connection", :connection_name=>"main"}
2022-12-08T00:08:25.635Z: {:message=>"Checking state of dynamic postgres partitions", :table_name=>"audit_events", :connection_name=>"main"}
2022-12-08T00:08:26.097Z: {:message=>"Switched database connection", :connection_name=>"main"}
2022-12-08T00:08:26.136Z: {:message=>"Checking state of dynamic postgres partitions", :table_name=>"web_hook_logs", :connection_name=>"main"}
2022-12-08T00:08:26.352Z: {:message=>"Switched database connection", :connection_name=>"main"}
2022-12-08T00:08:26.376Z: {:message=>"Checking state of dynamic postgres partitions", :table_name=>"loose_foreign_keys_deleted_records", :connection_name=>"main"}
2022-12-08T00:08:26.813Z: {:message=>"Switched database connection", :connection_name=>"main"}
2022-12-08T00:08:26.838Z: {:message=>"Checking state of dynamic postgres partitions", :table_name=>"batched_background_migration_job_transition_logs", :connection_name=>"main"}
2022-12-08T00:08:26.980Z: {:message=>"Switched database connection", :connection_name=>"main"}
2022-12-08T00:08:27.006Z: {:message=>"Checking state of dynamic postgres partitions", :table_name=>"incident_management_pending_alert_escalations", :connection_name=>"main"}
2022-12-08T00:08:27.140Z: {:message=>"Switched database connection", :connection_name=>"main"}
2022-12-08T00:08:27.173Z: {:message=>"Checking state of dynamic postgres partitions", :table_name=>"incident_management_pending_issue_escalations", :connection_name=>"main"}
2022-12-08T00:08:27.313Z: {:message=>"Switched database connection", :connection_name=>"main"}
2022-12-08T00:08:27.338Z: {:message=>"Checking state of dynamic postgres partitions", :table_name=>"verification_codes", :connection_name=>"main"}
2022-12-08T00:08:27.452Z: {:message=>"Switched database connection", :connection_name=>"main"}
2022-12-08T00:08:27.463Z: {:message=>"Switched database connection", :connection_name=>"main"}
2022-12-08T00:08:27.472Z: {:message=>"Switched database connection", :connection_name=>"main"}
2022-12-08T00:08:27.481Z: {:message=>"Switched database connection", :connection_name=>"main"}
2022-12-08T00:08:27.488Z: {:message=>"Switched database connection", :connection_name=>"main"}
2022-12-08T00:08:27.494Z: {:message=>"Finished sync of dynamic postgres partitions"}
2022-12-08T00:10:55.355Z: ActiveRecord connection established
2022-12-08T00:11:07.053Z: {:message=>"Syncing dynamic postgres partitions"}
2022-12-08T00:11:07.096Z: {:message=>"Switched database connection", :connection_name=>"main"}
2022-12-08T00:11:07.378Z: {:message=>"Checking state of dynamic postgres partitions", :table_name=>"audit_events", :connection_name=>"main"}
2022-12-08T00:11:07.592Z: {:message=>"Switched database connection", :connection_name=>"main"}
2022-12-08T00:11:07.628Z: {:message=>"Checking state of dynamic postgres partitions", :table_name=>"web_hook_logs", :connection_name=>"main"}
2022-12-08T00:11:07.738Z: {:message=>"Switched database connection", :connection_name=>"main"}
2022-12-08T00:11:07.783Z: {:message=>"Checking state of dynamic postgres partitions", :table_name=>"loose_foreign_keys_deleted_records", :connection_name=>"main"}
2022-12-08T00:11:08.114Z: {:message=>"Switched database connection", :connection_name=>"main"}
2022-12-08T00:11:08.150Z: {:message=>"Checking state of dynamic postgres partitions", :table_name=>"batched_background_migration_job_transition_logs", :connection_name=>"main"}
2022-12-08T00:11:08.349Z: {:message=>"Switched database connection", :connection_name=>"main"}
2022-12-08T00:11:08.378Z: {:message=>"Checking state of dynamic postgres partitions", :table_name=>"incident_management_pending_alert_escalations", :connection_name=>"main"}
2022-12-08T00:11:08.575Z: {:message=>"Switched database connection", :connection_name=>"main"}
2022-12-08T00:11:08.605Z: {:message=>"Checking state of dynamic postgres partitions", :table_name=>"incident_management_pending_issue_escalations", :connection_name=>"main"}
2022-12-08T00:11:08.819Z: {:message=>"Switched database connection", :connection_name=>"main"}
2022-12-08T00:11:08.867Z: {:message=>"Checking state of dynamic postgres partitions", :table_name=>"verification_codes", :connection_name=>"main"}
2022-12-08T00:11:09.177Z: {:message=>"Switched database connection", :connection_name=>"main"}
2022-12-08T00:11:09.194Z: {:message=>"Switched database connection", :connection_name=>"main"}
2022-12-08T00:11:09.217Z: {:message=>"Switched database connection", :connection_name=>"main"}
2022-12-08T00:11:09.228Z: {:message=>"Switched database connection", :connection_name=>"main"}
2022-12-08T00:11:09.238Z: {:message=>"Switched database connection", :connection_name=>"main"}
2022-12-08T00:11:09.260Z: {:message=>"Finished sync of dynamic postgres partitions"}
2022-12-08T00:12:20.406Z: {:message=>"Syncing dynamic postgres partitions"}
2022-12-08T00:12:20.421Z: {:message=>"Switched database connection", :connection_name=>"main"}
2022-12-08T00:12:22.270Z: {:message=>"Checking state of dynamic postgres partitions", :table_name=>"audit_events", :connection_name=>"main"}
2022-12-08T00:12:22.567Z: {:message=>"Switched database connection", :connection_name=>"main"}
2022-12-08T00:12:22.602Z: {:message=>"Checking state of dynamic postgres partitions", :table_name=>"web_hook_logs", :connection_name=>"main"}
2022-12-08T00:12:22.738Z: {:message=>"Switched database connection", :connection_name=>"main"}
2022-12-08T00:12:22.771Z: {:message=>"Checking state of dynamic postgres partitions", :table_name=>"loose_foreign_keys_deleted_records", :connection_name=>"main"}
2022-12-08T00:12:23.280Z: {:message=>"Switched database connection", :connection_name=>"main"}
2022-12-08T00:12:23.306Z: {:message=>"Checking state of dynamic postgres partitions", :table_name=>"batched_background_migration_job_transition_logs", :connection_name=>"main"}
2022-12-08T00:12:23.475Z: {:message=>"Switched database connection", :connection_name=>"main"}
2022-12-08T00:12:23.512Z: {:message=>"Checking state of dynamic postgres partitions", :table_name=>"incident_management_pending_alert_escalations", :connection_name=>"main"}
2022-12-08T00:12:23.649Z: {:message=>"Switched database connection", :connection_name=>"main"}
2022-12-08T00:12:23.678Z: {:message=>"Checking state of dynamic postgres partitions", :table_name=>"incident_management_pending_issue_escalations", :connection_name=>"main"}
2022-12-08T00:12:23.834Z: {:message=>"Switched database connection", :connection_name=>"main"}
2022-12-08T00:12:23.879Z: {:message=>"Checking state of dynamic postgres partitions", :table_name=>"verification_codes", :connection_name=>"main"}
2022-12-08T00:12:24.094Z: {:message=>"Switched database connection", :connection_name=>"main"}
2022-12-08T00:12:24.105Z: {:message=>"Switched database connection", :connection_name=>"main"}
2022-12-08T00:12:24.118Z: {:message=>"Switched database connection", :connection_name=>"main"}
2022-12-08T00:12:24.129Z: {:message=>"Switched database connection", :connection_name=>"main"}
2022-12-08T00:12:24.142Z: {:message=>"Switched database connection", :connection_name=>"main"}
2022-12-08T00:12:24.153Z: {:message=>"Finished sync of dynamic postgres partitions"}
2022-12-08T00:13:23.374Z: ActiveRecord connection established
2022-12-08T00:13:30.396Z: {:message=>"Syncing dynamic postgres partitions"}
2022-12-08T00:13:30.404Z: {:message=>"Switched database connection", :connection_name=>"main"}
2022-12-08T00:13:30.629Z: {:message=>"Checking state of dynamic postgres partitions", :table_name=>"audit_events", :connection_name=>"main"}
2022-12-08T00:13:30.820Z: {:message=>"Switched database connection", :connection_name=>"main"}
2022-12-08T00:13:30.843Z: {:message=>"Checking state of dynamic postgres partitions", :table_name=>"web_hook_logs", :connection_name=>"main"}
2022-12-08T00:13:30.964Z: {:message=>"Switched database connection", :connection_name=>"main"}
2022-12-08T00:13:30.987Z: {:message=>"Checking state of dynamic postgres partitions", :table_name=>"loose_foreign_keys_deleted_records", :connection_name=>"main"}
2022-12-08T00:13:31.222Z: {:message=>"Switched database connection", :connection_name=>"main"}
2022-12-08T00:13:31.243Z: {:message=>"Checking state of dynamic postgres partitions", :table_name=>"batched_background_migration_job_transition_logs", :connection_name=>"main"}
2022-12-08T00:13:31.374Z: {:message=>"Switched database connection", :connection_name=>"main"}
2022-12-08T00:13:31.401Z: {:message=>"Checking state of dynamic postgres partitions", :table_name=>"incident_management_pending_alert_escalations", :connection_name=>"main"}
2022-12-08T00:13:31.507Z: {:message=>"Switched database connection", :connection_name=>"main"}
2022-12-08T00:13:31.528Z: {:message=>"Checking state of dynamic postgres partitions", :table_name=>"incident_management_pending_issue_escalations", :connection_name=>"main"}
2022-12-08T00:13:31.632Z: {:message=>"Switched database connection", :connection_name=>"main"}
2022-12-08T00:13:31.657Z: {:message=>"Checking state of dynamic postgres partitions", :table_name=>"verification_codes", :connection_name=>"main"}
2022-12-08T00:13:31.792Z: {:message=>"Switched database connection", :connection_name=>"main"}
2022-12-08T00:13:31.798Z: {:message=>"Switched database connection", :connection_name=>"main"}
2022-12-08T00:13:31.804Z: {:message=>"Switched database connection", :connection_name=>"main"}
2022-12-08T00:13:31.812Z: {:message=>"Switched database connection", :connection_name=>"main"}
2022-12-08T00:13:31.820Z: {:message=>"Switched database connection", :connection_name=>"main"}
2022-12-08T00:13:31.834Z: {:message=>"Finished sync of dynamic postgres partitions"}
2022-12-08T00:14:29.480Z: ActiveRecord connection established
2022-12-08T00:14:30.908Z: {:message=>"Syncing dynamic postgres partitions"}
2022-12-08T00:14:30.918Z: {:message=>"Switched database connection", :connection_name=>"main"}
2022-12-08T00:14:30.956Z: {:message=>"Syncing dynamic postgres partitions"}
2022-12-08T00:14:30.965Z: {:message=>"Switched database connection", :connection_name=>"main"}
2022-12-08T00:14:31.236Z: {:message=>"Checking state of dynamic postgres partitions", :table_name=>"audit_events", :connection_name=>"main"}
2022-12-08T00:14:31.268Z: {:message=>"Checking state of dynamic postgres partitions", :table_name=>"audit_events", :connection_name=>"main"}
2022-12-08T00:14:31.295Z: {:message=>"Switched database connection", :connection_name=>"main"}
2022-12-08T00:14:31.323Z: {:message=>"Checking state of dynamic postgres partitions", :table_name=>"web_hook_logs", :connection_name=>"main"}
2022-12-08T00:14:31.432Z: {:message=>"Switched database connection", :connection_name=>"main"}
2022-12-08T00:14:31.456Z: {:message=>"Checking state of dynamic postgres partitions", :table_name=>"web_hook_logs", :connection_name=>"main"}
2022-12-08T00:14:31.465Z: {:message=>"Switched database connection", :connection_name=>"main"}
2022-12-08T00:14:31.486Z: {:message=>"Checking state of dynamic postgres partitions", :table_name=>"loose_foreign_keys_deleted_records", :connection_name=>"main"}
2022-12-08T00:14:31.492Z: {:message=>"Switched database connection", :connection_name=>"main"}
2022-12-08T00:14:31.518Z: {:message=>"Checking state of dynamic postgres partitions", :table_name=>"loose_foreign_keys_deleted_records", :connection_name=>"main"}
2022-12-08T00:14:31.552Z: {:message=>"Switched database connection", :connection_name=>"main"}
2022-12-08T00:14:31.580Z: {:message=>"Checking state of dynamic postgres partitions", :table_name=>"batched_background_migration_job_transition_logs", :connection_name=>"main"}
2022-12-08T00:14:31.787Z: {:message=>"Switched database connection", :connection_name=>"main"}
2022-12-08T00:14:31.840Z: {:message=>"Checking state of dynamic postgres partitions", :table_name=>"incident_management_pending_alert_escalations", :connection_name=>"main"}
2022-12-08T00:14:31.859Z: {:message=>"Switched database connection", :connection_name=>"main"}
2022-12-08T00:14:31.896Z: {:message=>"Checking state of dynamic postgres partitions", :table_name=>"batched_background_migration_job_transition_logs", :connection_name=>"main"}
2022-12-08T00:14:32.042Z: {:message=>"Switched database connection", :connection_name=>"main"}
2022-12-08T00:14:32.067Z: {:message=>"Checking state of dynamic postgres partitions", :table_name=>"incident_management_pending_issue_escalations", :connection_name=>"main"}
2022-12-08T00:14:32.191Z: {:message=>"Switched database connection", :connection_name=>"main"}
2022-12-08T00:14:32.196Z: {:message=>"Switched database connection", :connection_name=>"main"}
2022-12-08T00:14:32.220Z: {:message=>"Checking state of dynamic postgres partitions", :table_name=>"verification_codes", :connection_name=>"main"}
2022-12-08T00:14:32.220Z: {:message=>"Checking state of dynamic postgres partitions", :table_name=>"incident_management_pending_alert_escalations", :connection_name=>"main"}
2022-12-08T00:14:32.405Z: {:message=>"Switched database connection", :connection_name=>"main"}
2022-12-08T00:14:32.419Z: {:message=>"Switched database connection", :connection_name=>"main"}
2022-12-08T00:14:32.428Z: {:message=>"Switched database connection", :connection_name=>"main"}
2022-12-08T00:14:32.451Z: {:message=>"Switched database connection", :connection_name=>"main"}
2022-12-08T00:14:32.452Z: {:message=>"Switched database connection", :connection_name=>"main"}
2022-12-08T00:14:32.462Z: {:message=>"Switched database connection", :connection_name=>"main"}
2022-12-08T00:14:32.478Z: {:message=>"Checking state of dynamic postgres partitions", :table_name=>"incident_management_pending_issue_escalations", :connection_name=>"main"}
2022-12-08T00:14:32.480Z: {:message=>"Finished sync of dynamic postgres partitions"}
2022-12-08T00:14:32.625Z: {:message=>"Switched database connection", :connection_name=>"main"}
2022-12-08T00:14:32.653Z: {:message=>"Checking state of dynamic postgres partitions", :table_name=>"verification_codes", :connection_name=>"main"}
2022-12-08T00:14:32.775Z: {:message=>"Switched database connection", :connection_name=>"main"}
2022-12-08T00:14:32.785Z: {:message=>"Switched database connection", :connection_name=>"main"}
2022-12-08T00:14:32.796Z: {:message=>"Switched database connection", :connection_name=>"main"}
2022-12-08T00:14:32.810Z: {:message=>"Switched database connection", :connection_name=>"main"}
2022-12-08T00:14:32.827Z: {:message=>"Switched database connection", :connection_name=>"main"}
2022-12-08T00:14:32.842Z: {:message=>"Finished sync of dynamic postgres partitions"}
2022-12-08T00:14:36.387Z: {:message=>"Syncing dynamic postgres partitions"}
2022-12-08T00:14:36.396Z: {:message=>"Switched database connection", :connection_name=>"main"}
2022-12-08T00:14:36.608Z: {:message=>"Checking state of dynamic postgres partitions", :table_name=>"audit_events", :connection_name=>"main"}
2022-12-08T00:14:36.810Z: {:message=>"Switched database connection", :connection_name=>"main"}
2022-12-08T00:14:36.839Z: {:message=>"Checking state of dynamic postgres partitions", :table_name=>"web_hook_logs", :connection_name=>"main"}
2022-12-08T00:14:36.952Z: {:message=>"Switched database connection", :connection_name=>"main"}
2022-12-08T00:14:36.974Z: {:message=>"Checking state of dynamic postgres partitions", :table_name=>"loose_foreign_keys_deleted_records", :connection_name=>"main"}
2022-12-08T00:14:37.191Z: {:message=>"Switched database connection", :connection_name=>"main"}
2022-12-08T00:14:37.223Z: {:message=>"Checking state of dynamic postgres partitions", :table_name=>"batched_background_migration_job_transition_logs", :connection_name=>"main"}
2022-12-08T00:14:37.353Z: {:message=>"Switched database connection", :connection_name=>"main"}
2022-12-08T00:14:37.375Z: {:message=>"Checking state of dynamic postgres partitions", :table_name=>"incident_management_pending_alert_escalations", :connection_name=>"main"}
2022-12-08T00:14:37.484Z: {:message=>"Switched database connection", :connection_name=>"main"}
2022-12-08T00:14:37.508Z: {:message=>"Checking state of dynamic postgres partitions", :table_name=>"incident_management_pending_issue_escalations", :connection_name=>"main"}
2022-12-08T00:14:37.654Z: {:message=>"Switched database connection", :connection_name=>"main"}
2022-12-08T00:14:37.686Z: {:message=>"Checking state of dynamic postgres partitions", :table_name=>"verification_codes", :connection_name=>"main"}
2022-12-08T00:14:37.814Z: {:message=>"Switched database connection", :connection_name=>"main"}
2022-12-08T00:14:37.827Z: {:message=>"Switched database connection", :connection_name=>"main"}
2022-12-08T00:14:37.847Z: {:message=>"Switched database connection", :connection_name=>"main"}
2022-12-08T00:14:37.860Z: {:message=>"Switched database connection", :connection_name=>"main"}
2022-12-08T00:14:37.870Z: {:message=>"Switched database connection", :connection_name=>"main"}
2022-12-08T00:14:37.879Z: {:message=>"Finished sync of dynamic postgres partitions"}
2022-12-08T00:17:58.460Z: ActiveRecord connections disconnected
2022-12-08T00:18:01.240Z: ActiveRecord connection established
2022-12-08T00:18:01.252Z: ActiveRecord connection established
2022-12-08T00:18:01.726Z: {:pid=>1842, :worker_id=>"puma_0", :memwd_handler_class=>"Gitlab::Memory::Watchdog::NullHandler", :memwd_sleep_time_s=>60, :memwd_rss_bytes=>677199872, :message=>"started"}
2022-12-08T00:18:01.772Z: {:pid=>1844, :worker_id=>"puma_1", :memwd_handler_class=>"Gitlab::Memory::Watchdog::NullHandler", :memwd_sleep_time_s=>60, :memwd_rss_bytes=>679022592, :message=>"started"}
