Raven 3.1.2 configured not to capture errors: DSN not set
Creating scope :without_statuses. Overwriting existing method CommitStatus.without_statuses.
Creating scope :in_pipelines. Overwriting existing method Ci::Build.in_pipelines.
Creating scope :without_statuses. Overwriting existing method Ci::Pipeline.without_statuses.
Creating scope :order_created_desc. Overwriting existing method Packages::Package.order_created_desc.
Creating scope :order_name_desc. Overwriting existing method Packages::Package.order_name_desc.
Creating scope :of_projects. Overwriting existing method MergeRequest.of_projects.
Creating scope :join_project. Overwriting existing method MergeRequest.join_project.
Creating scope :references_project. Overwriting existing method MergeRequest.references_project.
Creating scope :system. Overwriting existing method Note.system.
Creating scope :not_expired. Overwriting existing method Member.not_expired.
Creating scope :order_name_asc. Overwriting existing method Member.order_name_asc.
Creating scope :order_name_desc. Overwriting existing method Member.order_name_desc.
Creating scope :with_user. Overwriting existing method GroupMember.with_user.
Creating scope :order_name_asc. Overwriting existing method Label.order_name_asc.
Creating scope :order_name_desc. Overwriting existing method Label.order_name_desc.
Creating scope :open. Overwriting existing method AlertManagement::Alert.open.
Creating scope :system. Overwriting existing method Gitlab::DatabaseImporters::CommonMetrics::PrometheusMetric.system.
Raven 3.1.2 configured not to capture errors: DSN not set
Creating scope :without_statuses. Overwriting existing method CommitStatus.without_statuses.
Creating scope :in_pipelines. Overwriting existing method Ci::Build.in_pipelines.
Creating scope :without_statuses. Overwriting existing method Ci::Pipeline.without_statuses.
Creating scope :order_created_desc. Overwriting existing method Packages::Package.order_created_desc.
Creating scope :order_name_desc. Overwriting existing method Packages::Package.order_name_desc.
Creating scope :of_projects. Overwriting existing method MergeRequest.of_projects.
Creating scope :join_project. Overwriting existing method MergeRequest.join_project.
Creating scope :references_project. Overwriting existing method MergeRequest.references_project.
Creating scope :system. Overwriting existing method Note.system.
Raven 3.1.2 configured not to capture errors: DSN not set
Creating scope :without_statuses. Overwriting existing method CommitStatus.without_statuses.
Creating scope :in_pipelines. Overwriting existing method Ci::Build.in_pipelines.
Creating scope :without_statuses. Overwriting existing method Ci::Pipeline.without_statuses.
Creating scope :order_created_desc. Overwriting existing method Packages::Package.order_created_desc.
Creating scope :order_name_desc. Overwriting existing method Packages::Package.order_name_desc.
Creating scope :of_projects. Overwriting existing method MergeRequest.of_projects.
Creating scope :join_project. Overwriting existing method MergeRequest.join_project.
Creating scope :references_project. Overwriting existing method MergeRequest.references_project.
Creating scope :system. Overwriting existing method Note.system.
Raven 3.1.2 configured not to capture errors: DSN not set
Creating scope :without_statuses. Overwriting existing method CommitStatus.without_statuses.
Creating scope :in_pipelines. Overwriting existing method Ci::Build.in_pipelines.
Creating scope :without_statuses. Overwriting existing method Ci::Pipeline.without_statuses.
Creating scope :order_created_desc. Overwriting existing method Packages::Package.order_created_desc.
Creating scope :order_name_desc. Overwriting existing method Packages::Package.order_name_desc.
Creating scope :open. Overwriting existing method AlertManagement::Alert.open.
Creating scope :of_projects. Overwriting existing method MergeRequest.of_projects.
Creating scope :join_project. Overwriting existing method MergeRequest.join_project.
Creating scope :references_project. Overwriting existing method MergeRequest.references_project.
Creating scope :system. Overwriting existing method Note.system.
Creating scope :open. Overwriting existing method IncidentManagement::IssuableEscalationStatus.open.
Creating scope :not_available. Overwriting existing method Ci::RunnerVersion.not_available.
Enum element 'not_available' in Ci::RunnerVersion uses the prefix 'not_'. This has caused a conflict with auto generated negative scopes. Avoid using enum elements starting with 'not' where the positive form is also an element.
Creating scope :not_available. Overwriting existing method Ci::RunnerVersion.not_available.
Creating scope :order_name_asc. Overwriting existing method Label.order_name_asc.
Creating scope :order_name_desc. Overwriting existing method Label.order_name_desc.
Creating scope :open. Overwriting existing method ExternalPullRequest.open.
Creating scope :not_expired. Overwriting existing method Member.not_expired.
Creating scope :order_name_asc. Overwriting existing method Member.order_name_asc.
Creating scope :order_name_desc. Overwriting existing method Member.order_name_desc.
Creating scope :system. Overwriting existing method PrometheusMetric.system.
Creating scope :with_user. Overwriting existing method GroupMember.with_user.
Creating scope :open. Overwriting existing method AlertManagement::Alert.open.
Creating scope :open. Overwriting existing method IncidentManagement::IssuableEscalationStatus.open.
Creating scope :not_available. Overwriting existing method Ci::RunnerVersion.not_available.
Enum element 'not_available' in Ci::RunnerVersion uses the prefix 'not_'. This has caused a conflict with auto generated negative scopes. Avoid using enum elements starting with 'not' where the positive form is also an element.
Creating scope :not_available. Overwriting existing method Ci::RunnerVersion.not_available.
Creating scope :order_name_asc. Overwriting existing method Label.order_name_asc.
Creating scope :order_name_desc. Overwriting existing method Label.order_name_desc.
Creating scope :without_statuses. Overwriting existing method Ci::Stage.without_statuses.
Creating scope :created. Overwriting existing method Ci::Stage.created.
Creating scope :pending. Overwriting existing method Ci::Stage.pending.
Creating scope :running. Overwriting existing method Ci::Stage.running.
Creating scope :success. Overwriting existing method Ci::Stage.success.
Creating scope :failed. Overwriting existing method Ci::Stage.failed.
Creating scope :canceled. Overwriting existing method Ci::Stage.canceled.
Creating scope :skipped. Overwriting existing method Ci::Stage.skipped.
Creating scope :manual. Overwriting existing method Ci::Stage.manual.
Creating scope :scheduled. Overwriting existing method Ci::Stage.scheduled.
Creating scope :preparing. Overwriting existing method Ci::Stage.preparing.
Creating scope :waiting_for_resource. Overwriting existing method Ci::Stage.waiting_for_resource.
Creating scope :database. Overwriting existing method Ci::BuildTraceChunk.database.
Creating scope :open. Overwriting existing method ExternalPullRequest.open.
Creating scope :not_expired. Overwriting existing method Member.not_expired.
Creating scope :order_name_asc. Overwriting existing method Member.order_name_asc.
Creating scope :order_name_desc. Overwriting existing method Member.order_name_desc.
Creating scope :system. Overwriting existing method PrometheusMetric.system.
Creating scope :with_user. Overwriting existing method GroupMember.with_user.
Creating scope :without_statuses. Overwriting existing method Ci::Stage.without_statuses.
Creating scope :created. Overwriting existing method Ci::Stage.created.
Creating scope :pending. Overwriting existing method Ci::Stage.pending.
Creating scope :running. Overwriting existing method Ci::Stage.running.
Creating scope :success. Overwriting existing method Ci::Stage.success.
Creating scope :failed. Overwriting existing method Ci::Stage.failed.
Creating scope :canceled. Overwriting existing method Ci::Stage.canceled.
Creating scope :skipped. Overwriting existing method Ci::Stage.skipped.
Creating scope :manual. Overwriting existing method Ci::Stage.manual.
Creating scope :scheduled. Overwriting existing method Ci::Stage.scheduled.
Creating scope :preparing. Overwriting existing method Ci::Stage.preparing.
Creating scope :waiting_for_resource. Overwriting existing method Ci::Stage.waiting_for_resource.
Creating scope :database. Overwriting existing method Ci::BuildTraceChunk.database.
Creating scope :system. Overwriting existing method Gitlab::DatabaseImporters::CommonMetrics::PrometheusMetric.system.
Creating scope :system. Overwriting existing method Gitlab::DatabaseImporters::CommonMetrics::PrometheusMetric.system.
  Rendered layout layouts/mailer.html.haml (Duration: 3420.2ms | Allocations: 296454)
  Rendered layout layouts/mailer.text.erb (Duration: 1712.4ms | Allocations: 88524)
Raven 3.1.2 configured not to capture errors: DSN not set
Delivered mail 63912b9e4eb43_2f048c747681d@localhost.mail (212.1ms)
Creating scope :without_statuses. Overwriting existing method CommitStatus.without_statuses.
Creating scope :in_pipelines. Overwriting existing method Ci::Build.in_pipelines.
Creating scope :without_statuses. Overwriting existing method Ci::Pipeline.without_statuses.
Creating scope :order_created_desc. Overwriting existing method Packages::Package.order_created_desc.
Creating scope :order_name_desc. Overwriting existing method Packages::Package.order_name_desc.
Creating scope :of_projects. Overwriting existing method MergeRequest.of_projects.
Creating scope :join_project. Overwriting existing method MergeRequest.join_project.
Creating scope :references_project. Overwriting existing method MergeRequest.references_project.
Creating scope :system. Overwriting existing method Note.system.
Raven 3.1.2 configured not to capture errors: DSN not set
Creating scope :without_statuses. Overwriting existing method CommitStatus.without_statuses.
Creating scope :in_pipelines. Overwriting existing method Ci::Build.in_pipelines.
Creating scope :without_statuses. Overwriting existing method Ci::Pipeline.without_statuses.
Creating scope :order_created_desc. Overwriting existing method Packages::Package.order_created_desc.
Creating scope :order_name_desc. Overwriting existing method Packages::Package.order_name_desc.
Creating scope :of_projects. Overwriting existing method MergeRequest.of_projects.
Creating scope :join_project. Overwriting existing method MergeRequest.join_project.
Creating scope :references_project. Overwriting existing method MergeRequest.references_project.
Creating scope :system. Overwriting existing method Note.system.
Raven 3.1.2 configured not to capture errors: DSN not set
Creating scope :without_statuses. Overwriting existing method CommitStatus.without_statuses.
Creating scope :in_pipelines. Overwriting existing method Ci::Build.in_pipelines.
Creating scope :without_statuses. Overwriting existing method Ci::Pipeline.without_statuses.
Creating scope :order_created_desc. Overwriting existing method Packages::Package.order_created_desc.
Creating scope :order_name_desc. Overwriting existing method Packages::Package.order_name_desc.
Creating scope :of_projects. Overwriting existing method MergeRequest.of_projects.
Creating scope :join_project. Overwriting existing method MergeRequest.join_project.
Creating scope :references_project. Overwriting existing method MergeRequest.references_project.
Creating scope :system. Overwriting existing method Note.system.
Raven 3.1.2 configured not to capture errors: DSN not set
Raven 3.1.2 configured not to capture errors: DSN not set
Creating scope :without_statuses. Overwriting existing method CommitStatus.without_statuses.
Creating scope :in_pipelines. Overwriting existing method Ci::Build.in_pipelines.
Creating scope :without_statuses. Overwriting existing method CommitStatus.without_statuses.
Creating scope :in_pipelines. Overwriting existing method Ci::Build.in_pipelines.
Raven 3.1.2 configured not to capture errors: DSN not set
Creating scope :without_statuses. Overwriting existing method CommitStatus.without_statuses.
Creating scope :without_statuses. Overwriting existing method Ci::Pipeline.without_statuses.
Creating scope :in_pipelines. Overwriting existing method Ci::Build.in_pipelines.
Creating scope :order_created_desc. Overwriting existing method Packages::Package.order_created_desc.
Creating scope :order_name_desc. Overwriting existing method Packages::Package.order_name_desc.
Creating scope :without_statuses. Overwriting existing method Ci::Pipeline.without_statuses.
Creating scope :order_created_desc. Overwriting existing method Packages::Package.order_created_desc.
Creating scope :order_name_desc. Overwriting existing method Packages::Package.order_name_desc.
Creating scope :of_projects. Overwriting existing method MergeRequest.of_projects.
Creating scope :join_project. Overwriting existing method MergeRequest.join_project.
Creating scope :references_project. Overwriting existing method MergeRequest.references_project.
Creating scope :system. Overwriting existing method Note.system.
Creating scope :of_projects. Overwriting existing method MergeRequest.of_projects.
Creating scope :join_project. Overwriting existing method MergeRequest.join_project.
Creating scope :references_project. Overwriting existing method MergeRequest.references_project.
Creating scope :without_statuses. Overwriting existing method Ci::Pipeline.without_statuses.
Creating scope :system. Overwriting existing method Note.system.
Creating scope :order_created_desc. Overwriting existing method Packages::Package.order_created_desc.
Creating scope :order_name_desc. Overwriting existing method Packages::Package.order_name_desc.
Creating scope :of_projects. Overwriting existing method MergeRequest.of_projects.
Creating scope :join_project. Overwriting existing method MergeRequest.join_project.
Creating scope :references_project. Overwriting existing method MergeRequest.references_project.
Creating scope :system. Overwriting existing method Note.system.
Creating scope :open. Overwriting existing method AlertManagement::Alert.open.
Creating scope :open. Overwriting existing method IncidentManagement::IssuableEscalationStatus.open.
Creating scope :open. Overwriting existing method AlertManagement::Alert.open.
Creating scope :open. Overwriting existing method IncidentManagement::IssuableEscalationStatus.open.
Creating scope :not_available. Overwriting existing method Ci::RunnerVersion.not_available.
Enum element 'not_available' in Ci::RunnerVersion uses the prefix 'not_'. This has caused a conflict with auto generated negative scopes. Avoid using enum elements starting with 'not' where the positive form is also an element.
Creating scope :not_available. Overwriting existing method Ci::RunnerVersion.not_available.
Creating scope :not_available. Overwriting existing method Ci::RunnerVersion.not_available.
Enum element 'not_available' in Ci::RunnerVersion uses the prefix 'not_'. This has caused a conflict with auto generated negative scopes. Avoid using enum elements starting with 'not' where the positive form is also an element.
Creating scope :not_available. Overwriting existing method Ci::RunnerVersion.not_available.
Creating scope :order_name_asc. Overwriting existing method Label.order_name_asc.
Creating scope :order_name_desc. Overwriting existing method Label.order_name_desc.
Creating scope :order_name_asc. Overwriting existing method Label.order_name_asc.
Creating scope :order_name_desc. Overwriting existing method Label.order_name_desc.
Creating scope :open. Overwriting existing method ExternalPullRequest.open.
Creating scope :open. Overwriting existing method ExternalPullRequest.open.
Creating scope :not_expired. Overwriting existing method Member.not_expired.
Creating scope :order_name_asc. Overwriting existing method Member.order_name_asc.
Creating scope :order_name_desc. Overwriting existing method Member.order_name_desc.
Creating scope :not_expired. Overwriting existing method Member.not_expired.
Creating scope :order_name_asc. Overwriting existing method Member.order_name_asc.
Creating scope :order_name_desc. Overwriting existing method Member.order_name_desc.
Creating scope :system. Overwriting existing method PrometheusMetric.system.
Creating scope :system. Overwriting existing method PrometheusMetric.system.
Creating scope :with_user. Overwriting existing method GroupMember.with_user.
Creating scope :with_user. Overwriting existing method GroupMember.with_user.
Creating scope :open. Overwriting existing method AlertManagement::Alert.open.
Creating scope :open. Overwriting existing method IncidentManagement::IssuableEscalationStatus.open.
Creating scope :without_statuses. Overwriting existing method Ci::Stage.without_statuses.
Creating scope :created. Overwriting existing method Ci::Stage.created.
Creating scope :pending. Overwriting existing method Ci::Stage.pending.
Creating scope :running. Overwriting existing method Ci::Stage.running.
Creating scope :success. Overwriting existing method Ci::Stage.success.
Creating scope :failed. Overwriting existing method Ci::Stage.failed.
Creating scope :canceled. Overwriting existing method Ci::Stage.canceled.
Creating scope :skipped. Overwriting existing method Ci::Stage.skipped.
Creating scope :manual. Overwriting existing method Ci::Stage.manual.
Creating scope :scheduled. Overwriting existing method Ci::Stage.scheduled.
Creating scope :preparing. Overwriting existing method Ci::Stage.preparing.
Creating scope :waiting_for_resource. Overwriting existing method Ci::Stage.waiting_for_resource.
Creating scope :database. Overwriting existing method Ci::BuildTraceChunk.database.
Creating scope :without_statuses. Overwriting existing method Ci::Stage.without_statuses.
Creating scope :created. Overwriting existing method Ci::Stage.created.
Creating scope :pending. Overwriting existing method Ci::Stage.pending.
Creating scope :running. Overwriting existing method Ci::Stage.running.
Creating scope :success. Overwriting existing method Ci::Stage.success.
Creating scope :failed. Overwriting existing method Ci::Stage.failed.
Creating scope :canceled. Overwriting existing method Ci::Stage.canceled.
Creating scope :skipped. Overwriting existing method Ci::Stage.skipped.
Creating scope :manual. Overwriting existing method Ci::Stage.manual.
Creating scope :scheduled. Overwriting existing method Ci::Stage.scheduled.
Creating scope :preparing. Overwriting existing method Ci::Stage.preparing.
Creating scope :waiting_for_resource. Overwriting existing method Ci::Stage.waiting_for_resource.
Creating scope :database. Overwriting existing method Ci::BuildTraceChunk.database.
Creating scope :not_available. Overwriting existing method Ci::RunnerVersion.not_available.
Enum element 'not_available' in Ci::RunnerVersion uses the prefix 'not_'. This has caused a conflict with auto generated negative scopes. Avoid using enum elements starting with 'not' where the positive form is also an element.
Creating scope :not_available. Overwriting existing method Ci::RunnerVersion.not_available.
Creating scope :order_name_asc. Overwriting existing method Label.order_name_asc.
Creating scope :order_name_desc. Overwriting existing method Label.order_name_desc.
Creating scope :open. Overwriting existing method ExternalPullRequest.open.
Creating scope :not_expired. Overwriting existing method Member.not_expired.
Creating scope :order_name_asc. Overwriting existing method Member.order_name_asc.
Creating scope :order_name_desc. Overwriting existing method Member.order_name_desc.
Creating scope :system. Overwriting existing method PrometheusMetric.system.
Creating scope :with_user. Overwriting existing method GroupMember.with_user.
Creating scope :without_statuses. Overwriting existing method Ci::Stage.without_statuses.
Creating scope :created. Overwriting existing method Ci::Stage.created.
Creating scope :pending. Overwriting existing method Ci::Stage.pending.
Creating scope :running. Overwriting existing method Ci::Stage.running.
Creating scope :success. Overwriting existing method Ci::Stage.success.
Creating scope :failed. Overwriting existing method Ci::Stage.failed.
Creating scope :canceled. Overwriting existing method Ci::Stage.canceled.
Creating scope :skipped. Overwriting existing method Ci::Stage.skipped.
Creating scope :manual. Overwriting existing method Ci::Stage.manual.
Creating scope :scheduled. Overwriting existing method Ci::Stage.scheduled.
Creating scope :preparing. Overwriting existing method Ci::Stage.preparing.
Creating scope :waiting_for_resource. Overwriting existing method Ci::Stage.waiting_for_resource.
Creating scope :database. Overwriting existing method Ci::BuildTraceChunk.database.
Creating scope :system. Overwriting existing method Gitlab::DatabaseImporters::CommonMetrics::PrometheusMetric.system.
Creating scope :system. Overwriting existing method Gitlab::DatabaseImporters::CommonMetrics::PrometheusMetric.system.
Creating scope :system. Overwriting existing method Gitlab::DatabaseImporters::CommonMetrics::PrometheusMetric.system.
Started GET "/" for  at 2022-12-08 00:17:57 +0000
Processing by RootController#index as HTML
Redirected to http://example.org/users/sign_in
Filter chain halted as :redirect_unlogged_user rendered or redirected
Completed 302 Found in 210ms (ActiveRecord: 40.1ms | Elasticsearch: 0.0ms | Allocations: 13528)
Started GET "/api/v4/geo/proxy" for 127.0.0.1 at 2022-12-08 00:18:01 +0000
Started GET "/-/metrics" for 127.0.0.1 at 2022-12-08 00:18:04 +0000
Processing by MetricsController#index as HTML
Completed 200 OK in 155ms (Views: 26.4ms | ActiveRecord: 23.0ms | Elasticsearch: 0.0ms | Allocations: 3580)
